#
# There is insufficient memory for the Java Runtime Environment to continue.
# Native memory allocation (malloc) failed to allocate 1064736 bytes for Chunk::new
# Possible reasons:
#   The system is out of physical RAM or swap space
#   The process is running with CompressedOops enabled, and the Java Heap may be blocking the growth of the native heap
# Possible solutions:
#   Reduce memory load on the system
#   Increase physical memory or swap space
#   Check if swap backing store is full
#   Decrease Java heap size (-Xmx/-Xms)
#   Decrease number of Java threads
#   Decrease Java thread stack sizes (-Xss)
#   Set larger code cache with -XX:ReservedCodeCacheSize=
#   JVM is running with Unscaled Compressed Oops mode in which the Java heap is
#     placed in the first 4GB address space. The Java Heap base address is the
#     maximum limit for the native heap growth. Please use -XX:HeapBaseMinAddress
#     to set the Java Heap base and to place the Java Heap above 4GB virtual address.
# This output file may be truncated or incomplete.
#
#  Out of Memory Error (src/hotspot/share/memory/arena.cpp:197), pid=14136, tid=9556
#
# JRE version: OpenJDK Runtime Environment (11.0.15) (build 11.0.15+0-b2043.56-8887301)
# Java VM: OpenJDK 64-Bit Server VM (11.0.15+0-b2043.56-8887301, mixed mode, tiered, compressed oops, g1 gc, windows-amd64)
# No core dump will be written. Minidumps are not enabled by default on client versions of Windows
#

---------------  S U M M A R Y ------------

Command Line: --add-opens=java.base/java.util=ALL-UNNAMED --add-opens=java.base/java.lang=ALL-UNNAMED --add-opens=java.base/java.lang.invoke=ALL-UNNAMED --add-opens=java.base/java.util=ALL-UNNAMED --add-opens=java.prefs/java.util.prefs=ALL-UNNAMED --add-opens=java.prefs/java.util.prefs=ALL-UNNAMED --add-opens=java.base/java.nio.charset=ALL-UNNAMED --add-opens=java.base/java.net=ALL-UNNAMED --add-opens=java.base/java.util.concurrent.atomic=ALL-UNNAMED -Xmx2048m -Dfile.encoding=UTF-8 -Duser.country=GR -Duser.language=el -Duser.variant org.gradle.launcher.daemon.bootstrap.GradleDaemon 7.5

Host: AMD Ryzen 3 2200U with Radeon Vega Mobile Gfx  , 4 cores, 3G,  Windows 10 , 64 bit Build 19041 (10.0.19041.2913)
Time: Tue Jun  6 16:06:21 2023  Windows 10 , 64 bit Build 19041 (10.0.19041.2913) elapsed time: 109.232183 seconds (0d 0h 1m 49s)

---------------  T H R E A D  ---------------

Current thread (0x0000017cefb8d800):  JavaThread "C2 CompilerThread0" daemon [_thread_in_native, id=9556, stack(0x0000003181600000,0x0000003181700000)]


Current CompileTask:
C2: 109232 16280   !   4       java.io.ObjectOutputStream::writeOrdinaryObject (175 bytes)

Stack: [0x0000003181600000,0x0000003181700000]
Native frames: (J=compiled Java code, j=interpreted, Vv=VM code, C=native code)
V  [jvm.dll+0x64135a]
V  [jvm.dll+0x7d39f9]
V  [jvm.dll+0x7d51b9]
V  [jvm.dll+0x7d58a3]
V  [jvm.dll+0x2691c5]
V  [jvm.dll+0xc1a5c]
V  [jvm.dll+0xc200c]
V  [jvm.dll+0x2da2c2]
V  [jvm.dll+0x54cad9]
V  [jvm.dll+0x22a011]
V  [jvm.dll+0x223809]
V  [jvm.dll+0x220384]
V  [jvm.dll+0x19e851]
V  [jvm.dll+0x230479]
V  [jvm.dll+0x22e5ef]
V  [jvm.dll+0x794de1]
V  [jvm.dll+0x78dc24]
V  [jvm.dll+0x6400f6]
C  [ucrtbase.dll+0x21bb2]
C  [KERNEL32.DLL+0x17614]
C  [ntdll.dll+0x526a1]


---------------  P R O C E S S  ---------------

Threads class SMR info:
_java_thread_list=0x0000017cf5f6aab0, length=46, elements={
0x0000017cd5754800, 0x0000017cefb1c800, 0x0000017cefb2a000, 0x0000017cefb7d000,
0x0000017cefb7e000, 0x0000017cefb7f000, 0x0000017cefb8d800, 0x0000017cefb8e800,
0x0000017cefb9a800, 0x0000017cefe3e000, 0x0000017cf1118800, 0x0000017cf172d800,
0x0000017cf0d79800, 0x0000017cf10c3800, 0x0000017cf15ee000, 0x0000017cf1d17000,
0x0000017cf16e4800, 0x0000017cf16e3800, 0x0000017cf16e6000, 0x0000017cf16e1800,
0x0000017cf16e7000, 0x0000017cf16e3000, 0x0000017cf1621000, 0x0000017cf1621800,
0x0000017cf1623800, 0x0000017cf1624000, 0x0000017cf1625000, 0x0000017cf162a800,
0x0000017cf1627800, 0x0000017cf23dc000, 0x0000017cf23da800, 0x0000017cf23e4800,
0x0000017cf23e6000, 0x0000017cf23e7800, 0x0000017cf23e9000, 0x0000017cf23e8800,
0x0000017cf45a4000, 0x0000017cf45a1800, 0x0000017cf45a3800, 0x0000017cf45a5000,
0x0000017cf45a0000, 0x0000017cf45a1000, 0x0000017cf45aa000, 0x0000017cf45a6800,
0x0000017cf45aa800, 0x0000017cf45a6000
}

Java Threads: ( => current thread )
  0x0000017cd5754800 JavaThread "main" [_thread_blocked, id=452, stack(0x0000003180a00000,0x0000003180b00000)]
  0x0000017cefb1c800 JavaThread "Reference Handler" daemon [_thread_blocked, id=13068, stack(0x0000003181100000,0x0000003181200000)]
  0x0000017cefb2a000 JavaThread "Finalizer" daemon [_thread_blocked, id=9720, stack(0x0000003181200000,0x0000003181300000)]
  0x0000017cefb7d000 JavaThread "Signal Dispatcher" daemon [_thread_blocked, id=10772, stack(0x0000003181300000,0x0000003181400000)]
  0x0000017cefb7e000 JavaThread "Attach Listener" daemon [_thread_blocked, id=12364, stack(0x0000003181400000,0x0000003181500000)]
  0x0000017cefb7f000 JavaThread "Service Thread" daemon [_thread_blocked, id=9372, stack(0x0000003181500000,0x0000003181600000)]
=>0x0000017cefb8d800 JavaThread "C2 CompilerThread0" daemon [_thread_in_native, id=9556, stack(0x0000003181600000,0x0000003181700000)]
  0x0000017cefb8e800 JavaThread "C1 CompilerThread0" daemon [_thread_in_vm, id=12848, stack(0x0000003181700000,0x0000003181800000)]
  0x0000017cefb9a800 JavaThread "Sweeper thread" daemon [_thread_blocked, id=4768, stack(0x0000003181800000,0x0000003181900000)]
  0x0000017cefe3e000 JavaThread "Common-Cleaner" daemon [_thread_blocked, id=12728, stack(0x0000003181900000,0x0000003181a00000)]
  0x0000017cf1118800 JavaThread "Daemon health stats" [_thread_blocked, id=4100, stack(0x0000003181c00000,0x0000003181d00000)]
  0x0000017cf172d800 JavaThread "Daemon" [_thread_blocked, id=14032, stack(0x0000003182100000,0x0000003182200000)]
  0x0000017cf0d79800 JavaThread "Handler for socket connection from /127.0.0.1:58144 to /127.0.0.1:58145" [_thread_in_native, id=12772, stack(0x0000003182200000,0x0000003182300000)]
  0x0000017cf10c3800 JavaThread "Daemon worker" [_thread_blocked, id=6792, stack(0x0000003182400000,0x0000003182500000)]
  0x0000017cf15ee000 JavaThread "Asynchronous log dispatcher for DefaultDaemonConnection: socket connection from /127.0.0.1:58144 to /127.0.0.1:58145" [_thread_blocked, id=14164, stack(0x0000003182500000,0x0000003182600000)]
  0x0000017cf1d17000 JavaThread "Daemon client event forwarder" [_thread_blocked, id=7380, stack(0x0000003182700000,0x0000003182800000)]
  0x0000017cf16e4800 JavaThread "Cache worker for journal cache (C:\Users\nidis\.gradle\caches\journal-1)" [_thread_blocked, id=1252, stack(0x0000003182800000,0x0000003182900000)]
  0x0000017cf16e3800 JavaThread "File lock request listener" [_thread_in_native, id=7220, stack(0x0000003182900000,0x0000003182a00000)]
  0x0000017cf16e6000 JavaThread "Cache worker for file hash cache (C:\Users\nidis\.gradle\caches\7.5\fileHashes)" [_thread_blocked, id=9500, stack(0x0000003182a00000,0x0000003182b00000)]
  0x0000017cf16e1800 JavaThread "File watcher server" daemon [_thread_in_native, id=10192, stack(0x0000003182b00000,0x0000003182c00000)]
  0x0000017cf16e7000 JavaThread "File watcher consumer" daemon [_thread_blocked, id=10760, stack(0x0000003182c00000,0x0000003182d00000)]
  0x0000017cf16e3000 JavaThread "Cache worker for file content cache (C:\Users\nidis\.gradle\caches\7.5\fileContent)" [_thread_blocked, id=13648, stack(0x0000003182f00000,0x0000003183000000)]
  0x0000017cf1621000 JavaThread "Cache worker for execution history cache (C:\Users\nidis\.gradle\caches\7.5\executionHistory)" [_thread_blocked, id=11612, stack(0x0000003183200000,0x0000003183300000)]
  0x0000017cf1621800 JavaThread "jar transforms" [_thread_blocked, id=3456, stack(0x0000003183300000,0x0000003183400000)]
  0x0000017cf1623800 JavaThread "jar transforms Thread 2" [_thread_blocked, id=12504, stack(0x0000003183400000,0x0000003183500000)]
  0x0000017cf1624000 JavaThread "jar transforms Thread 3" [_thread_blocked, id=10736, stack(0x0000003183500000,0x0000003183600000)]
  0x0000017cf1625000 JavaThread "jar transforms Thread 4" [_thread_blocked, id=904, stack(0x0000003183600000,0x0000003183700000)]
  0x0000017cf162a800 JavaThread "Unconstrained build operations Thread 4" [_thread_blocked, id=7548, stack(0x0000003183c00000,0x0000003183d00000)]
  0x0000017cf1627800 JavaThread "Unconstrained build operations Thread 7" [_thread_blocked, id=8968, stack(0x0000003183f00000,0x0000003184000000)]
  0x0000017cf23dc000 JavaThread "Unconstrained build operations Thread 14" [_thread_blocked, id=10140, stack(0x0000003184600000,0x0000003184700000)]
  0x0000017cf23da800 Thread [stack: 0x0000003184800000,0x0000003184900000] [id=1932]
  0x0000017cf23e4800 JavaThread "Unconstrained build operations Thread 18" [_thread_in_vm, id=13036, stack(0x0000003184a00000,0x0000003184b00000)]
  0x0000017cf23e6000 JavaThread "Unconstrained build operations Thread 25" [_thread_blocked, id=14008, stack(0x0000003185100000,0x0000003185200000)]
  0x0000017cf23e7800 JavaThread "Unconstrained build operations Thread 27" [_thread_in_vm, id=6820, stack(0x0000003185300000,0x0000003185400000)]
  0x0000017cf23e9000 JavaThread "Unconstrained build operations Thread 28" [_thread_blocked, id=11200, stack(0x0000003185400000,0x0000003185500000)]
  0x0000017cf23e8800 JavaThread "Unconstrained build operations Thread 29" [_thread_blocked, id=12932, stack(0x0000003185500000,0x0000003185600000)]
  0x0000017cf45a4000 JavaThread "Unconstrained build operations Thread 30" [_thread_blocked, id=1548, stack(0x0000003185600000,0x0000003185700000)]
  0x0000017cf45a1800 JavaThread "Unconstrained build operations Thread 31" [_thread_in_Java, id=12540, stack(0x0000003185700000,0x0000003185800000)]
  0x0000017cf45a3800 JavaThread "Unconstrained build operations Thread 33" [_thread_blocked, id=11240, stack(0x0000003185900000,0x0000003185a00000)]
  0x0000017cf45a5000 JavaThread "Unconstrained build operations Thread 34" [_thread_blocked, id=8864, stack(0x0000003185a00000,0x0000003185b00000)]
  0x0000017cf45a0000 JavaThread "Unconstrained build operations Thread 35" [_thread_blocked, id=13316, stack(0x0000003185b00000,0x0000003185c00000)]
  0x0000017cf45a1000 JavaThread "Unconstrained build operations Thread 37" [_thread_blocked, id=3196, stack(0x0000003185d00000,0x0000003185e00000)]
  0x0000017cf45aa000 JavaThread "Unconstrained build operations Thread 39" [_thread_blocked, id=10648, stack(0x0000003185f00000,0x0000003186000000)]
  0x0000017cf45a6800 JavaThread "Unconstrained build operations Thread 40" [_thread_blocked, id=10168, stack(0x0000003186000000,0x0000003186100000)]
  0x0000017cf45aa800 JavaThread "Memory manager" [_thread_blocked, id=11080, stack(0x0000003186200000,0x0000003186300000)]
  0x0000017cf45a6000 JavaThread "included builds" [_thread_blocked, id=13340, stack(0x0000003186500000,0x0000003186600000)]

Other Threads:
  0x0000017cefb18800 VMThread "VM Thread" [stack: 0x0000003181000000,0x0000003181100000] [id=5464]
  0x0000017cefe49000 WatcherThread [stack: 0x0000003181a00000,0x0000003181b00000] [id=13396]
  0x0000017cd576a000 GCTaskThread "GC Thread#0" [stack: 0x0000003180b00000,0x0000003180c00000] [id=13380]
  0x0000017cf016a800 GCTaskThread "GC Thread#1" [stack: 0x0000003181b00000,0x0000003181c00000] [id=12852]
  0x0000017cf168a800 GCTaskThread "GC Thread#2" [stack: 0x0000003181d00000,0x0000003181e00000] [id=7572]
  0x0000017cf1740800 GCTaskThread "GC Thread#3" [stack: 0x0000003181e00000,0x0000003181f00000] [id=8796]
  0x0000017cd579d000 ConcurrentGCThread "G1 Main Marker" [stack: 0x0000003180c00000,0x0000003180d00000] [id=10532]
  0x0000017cd579e000 ConcurrentGCThread "G1 Conc#0" [stack: 0x0000003180d00000,0x0000003180e00000] [id=12184]
  0x0000017cd57e7000 ConcurrentGCThread "G1 Refine#0" [stack: 0x0000003180e00000,0x0000003180f00000] [id=6476]
  0x0000017cf5fab800 ConcurrentGCThread "G1 Refine#1" [stack: 0x0000003186c00000,0x0000003186d00000] [id=13580]
  0x0000017cd57e8000 ConcurrentGCThread "G1 Young RemSet Sampling" [stack: 0x0000003180f00000,0x0000003181000000] [id=11232]

Threads with active compile tasks:
C2 CompilerThread0   109462 16280   !   4       java.io.ObjectOutputStream::writeOrdinaryObject (175 bytes)

VM state:not at safepoint (normal execution)

VM Mutex/Monitor currently owned by a thread: None

Heap address: 0x0000000080000000, size: 2048 MB, Compressed Oops mode: 32-bit
Narrow klass base: 0x0000000000000000, Narrow klass shift: 3
Compressed class space size: 1073741824 Address: 0x0000000100000000

Heap:
 garbage-first heap   total 378880K, used 222208K [0x0000000080000000, 0x0000000100000000)
  region size 1024K, 29 young (29696K), 5 survivors (5120K)
 Metaspace       used 109355K, capacity 112458K, committed 112688K, reserved 1146880K
  class space    used 13960K, capacity 15117K, committed 15232K, reserved 1048576K
Heap Regions: E=young(eden), S=young(survivor), O=old, HS=humongous(starts), HC=humongous(continues), CS=collection set, F=free, A=archive, TAMS=top-at-mark-start (previous, next)
|   0|0x0000000080000000, 0x0000000080100000, 0x0000000080100000|100%|HS|  |TAMS 0x0000000080100000, 0x0000000080000000| Complete 
|   1|0x0000000080100000, 0x0000000080200000, 0x0000000080200000|100%|HC|  |TAMS 0x0000000080200000, 0x0000000080100000| Complete 
|   2|0x0000000080200000, 0x0000000080300000, 0x0000000080300000|100%|HC|  |TAMS 0x0000000080300000, 0x0000000080200000| Complete 
|   3|0x0000000080300000, 0x0000000080400000, 0x0000000080400000|100%| O|  |TAMS 0x0000000080400000, 0x0000000080300000| Untracked 
|   4|0x0000000080400000, 0x0000000080500000, 0x0000000080500000|100%| O|  |TAMS 0x0000000080500000, 0x0000000080400000| Untracked 
|   5|0x0000000080500000, 0x0000000080600000, 0x0000000080600000|100%| O|  |TAMS 0x0000000080600000, 0x0000000080500000| Untracked 
|   6|0x0000000080600000, 0x0000000080700000, 0x0000000080700000|100%| O|  |TAMS 0x0000000080700000, 0x0000000080600000| Complete 
|   7|0x0000000080700000, 0x0000000080800000, 0x0000000080800000|100%| O|  |TAMS 0x0000000080800000, 0x0000000080700000| Untracked 
|   8|0x0000000080800000, 0x0000000080900000, 0x0000000080900000|100%| O|  |TAMS 0x0000000080900000, 0x0000000080800000| Untracked 
|   9|0x0000000080900000, 0x0000000080a00000, 0x0000000080a00000|100%| O|  |TAMS 0x0000000080a00000, 0x0000000080900000| Untracked 
|  10|0x0000000080a00000, 0x0000000080b00000, 0x0000000080b00000|100%| O|  |TAMS 0x0000000080b00000, 0x0000000080a00000| Untracked 
|  11|0x0000000080b00000, 0x0000000080c00000, 0x0000000080c00000|100%| O|  |TAMS 0x0000000080c00000, 0x0000000080b00000| Untracked 
|  12|0x0000000080c00000, 0x0000000080d00000, 0x0000000080d00000|100%| O|  |TAMS 0x0000000080d00000, 0x0000000080c00000| Untracked 
|  13|0x0000000080d00000, 0x0000000080e00000, 0x0000000080e00000|100%| O|  |TAMS 0x0000000080e00000, 0x0000000080d00000| Untracked 
|  14|0x0000000080e00000, 0x0000000080f00000, 0x0000000080f00000|100%| O|  |TAMS 0x0000000080f00000, 0x0000000080e00000| Complete 
|  15|0x0000000080f00000, 0x0000000081000000, 0x0000000081000000|100%| O|  |TAMS 0x0000000081000000, 0x0000000080f00000| Untracked 
|  16|0x0000000081000000, 0x0000000081100000, 0x0000000081100000|100%| O|  |TAMS 0x0000000081100000, 0x0000000081000000| Untracked 
|  17|0x0000000081100000, 0x0000000081200000, 0x0000000081200000|100%| O|  |TAMS 0x0000000081200000, 0x0000000081100000| Untracked 
|  18|0x0000000081200000, 0x0000000081300000, 0x0000000081300000|100%| O|  |TAMS 0x0000000081300000, 0x0000000081200000| Complete 
|  19|0x0000000081300000, 0x0000000081400000, 0x0000000081400000|100%| O|  |TAMS 0x0000000081400000, 0x0000000081300000| Untracked 
|  20|0x0000000081400000, 0x0000000081500000, 0x0000000081500000|100%| O|  |TAMS 0x0000000081500000, 0x0000000081400000| Untracked 
|  21|0x0000000081500000, 0x0000000081600000, 0x0000000081600000|100%| O|  |TAMS 0x0000000081600000, 0x0000000081500000| Untracked 
|  22|0x0000000081600000, 0x0000000081700000, 0x0000000081700000|100%| O|  |TAMS 0x0000000081700000, 0x0000000081600000| Untracked 
|  23|0x0000000081700000, 0x0000000081800000, 0x0000000081800000|100%| O|  |TAMS 0x0000000081800000, 0x0000000081700000| Complete 
|  24|0x0000000081800000, 0x0000000081900000, 0x0000000081900000|100%| O|  |TAMS 0x0000000081900000, 0x0000000081800000| Untracked 
|  25|0x0000000081900000, 0x0000000081a00000, 0x0000000081a00000|100%| O|  |TAMS 0x0000000081a00000, 0x0000000081900000| Complete 
|  26|0x0000000081a00000, 0x0000000081b00000, 0x0000000081b00000|100%| O|  |TAMS 0x0000000081b00000, 0x0000000081a00000| Untracked 
|  27|0x0000000081b00000, 0x0000000081c00000, 0x0000000081c00000|100%| O|  |TAMS 0x0000000081c00000, 0x0000000081b00000| Untracked 
|  28|0x0000000081c00000, 0x0000000081d00000, 0x0000000081d00000|100%| O|  |TAMS 0x0000000081d00000, 0x0000000081c00000| Untracked 
|  29|0x0000000081d00000, 0x0000000081e00000, 0x0000000081e00000|100%| O|  |TAMS 0x0000000081e00000, 0x0000000081d00000| Untracked 
|  30|0x0000000081e00000, 0x0000000081f00000, 0x0000000081f00000|100%| O|  |TAMS 0x0000000081f00000, 0x0000000081e00000| Complete 
|  31|0x0000000081f00000, 0x0000000082000000, 0x0000000082000000|100%|HS|  |TAMS 0x0000000082000000, 0x0000000081f00000| Complete 
|  32|0x0000000082000000, 0x0000000082100000, 0x0000000082100000|100%| O|  |TAMS 0x0000000082100000, 0x0000000082000000| Untracked 
|  33|0x0000000082100000, 0x0000000082200000, 0x0000000082200000|100%|HS|  |TAMS 0x0000000082200000, 0x0000000082100000| Complete 
|  34|0x0000000082200000, 0x0000000082300000, 0x0000000082300000|100%| O|  |TAMS 0x0000000082300000, 0x0000000082200000| Untracked 
|  35|0x0000000082300000, 0x0000000082400000, 0x0000000082400000|100%| O|  |TAMS 0x0000000082400000, 0x0000000082300000| Complete 
|  36|0x0000000082400000, 0x0000000082500000, 0x0000000082500000|100%| O|  |TAMS 0x0000000082500000, 0x0000000082400000| Untracked 
|  37|0x0000000082500000, 0x0000000082600000, 0x0000000082600000|100%| O|  |TAMS 0x0000000082600000, 0x0000000082500000| Untracked 
|  38|0x0000000082600000, 0x0000000082700000, 0x0000000082700000|100%| O|  |TAMS 0x0000000082700000, 0x0000000082600000| Complete 
|  39|0x0000000082700000, 0x0000000082800000, 0x0000000082800000|100%| O|  |TAMS 0x0000000082800000, 0x0000000082700000| Untracked 
|  40|0x0000000082800000, 0x0000000082900000, 0x0000000082900000|100%| O|  |TAMS 0x0000000082900000, 0x0000000082800000| Complete 
|  41|0x0000000082900000, 0x0000000082a00000, 0x0000000082a00000|100%| O|  |TAMS 0x0000000082a00000, 0x0000000082900000| Untracked 
|  42|0x0000000082a00000, 0x0000000082b00000, 0x0000000082b00000|100%| O|  |TAMS 0x0000000082b00000, 0x0000000082a00000| Untracked 
|  43|0x0000000082b00000, 0x0000000082c00000, 0x0000000082c00000|100%| O|  |TAMS 0x0000000082c00000, 0x0000000082b00000| Untracked 
|  44|0x0000000082c00000, 0x0000000082d00000, 0x0000000082d00000|100%| O|  |TAMS 0x0000000082d00000, 0x0000000082c00000| Untracked 
|  45|0x0000000082d00000, 0x0000000082e00000, 0x0000000082e00000|100%| O|  |TAMS 0x0000000082e00000, 0x0000000082d00000| Complete 
|  46|0x0000000082e00000, 0x0000000082f00000, 0x0000000082f00000|100%| O|  |TAMS 0x0000000082f00000, 0x0000000082e00000| Untracked 
|  47|0x0000000082f00000, 0x0000000083000000, 0x0000000083000000|100%| O|  |TAMS 0x0000000083000000, 0x0000000082f00000| Untracked 
|  48|0x0000000083000000, 0x0000000083100000, 0x0000000083100000|100%| O|  |TAMS 0x0000000083100000, 0x0000000083000000| Complete 
|  49|0x0000000083100000, 0x0000000083200000, 0x0000000083200000|100%| O|  |TAMS 0x0000000083200000, 0x0000000083100000| Complete 
|  50|0x0000000083200000, 0x0000000083300000, 0x0000000083300000|100%| O|  |TAMS 0x0000000083300000, 0x0000000083200000| Complete 
|  51|0x0000000083300000, 0x0000000083400000, 0x0000000083400000|100%| O|  |TAMS 0x0000000083400000, 0x0000000083300000| Complete 
|  52|0x0000000083400000, 0x0000000083500000, 0x0000000083500000|100%| O|  |TAMS 0x0000000083500000, 0x0000000083400000| Untracked 
|  53|0x0000000083500000, 0x0000000083600000, 0x0000000083600000|100%| O|  |TAMS 0x0000000083600000, 0x0000000083500000| Untracked 
|  54|0x0000000083600000, 0x0000000083700000, 0x0000000083700000|100%| O|  |TAMS 0x0000000083700000, 0x0000000083600000| Complete 
|  55|0x0000000083700000, 0x0000000083800000, 0x0000000083800000|100%| O|  |TAMS 0x0000000083800000, 0x0000000083700000| Untracked 
|  56|0x0000000083800000, 0x0000000083900000, 0x0000000083900000|100%| O|  |TAMS 0x0000000083900000, 0x0000000083800000| Complete 
|  57|0x0000000083900000, 0x0000000083a00000, 0x0000000083a00000|100%| O|  |TAMS 0x0000000083a00000, 0x0000000083900000| Untracked 
|  58|0x0000000083a00000, 0x0000000083b00000, 0x0000000083b00000|100%| O|  |TAMS 0x0000000083b00000, 0x0000000083a00000| Untracked 
|  59|0x0000000083b00000, 0x0000000083c00000, 0x0000000083c00000|100%| O|  |TAMS 0x0000000083c00000, 0x0000000083b00000| Untracked 
|  60|0x0000000083c00000, 0x0000000083d00000, 0x0000000083d00000|100%| O|  |TAMS 0x0000000083d00000, 0x0000000083c00000| Untracked 
|  61|0x0000000083d00000, 0x0000000083e00000, 0x0000000083e00000|100%| O|  |TAMS 0x0000000083e00000, 0x0000000083d00000| Untracked 
|  62|0x0000000083e00000, 0x0000000083f00000, 0x0000000083f00000|100%| O|  |TAMS 0x0000000083f00000, 0x0000000083e00000| Untracked 
|  63|0x0000000083f00000, 0x0000000084000000, 0x0000000084000000|100%| O|  |TAMS 0x0000000084000000, 0x0000000083f00000| Untracked 
|  64|0x0000000084000000, 0x0000000084100000, 0x0000000084100000|100%| O|  |TAMS 0x0000000084100000, 0x0000000084000000| Untracked 
|  65|0x0000000084100000, 0x0000000084200000, 0x0000000084200000|100%| O|  |TAMS 0x0000000084200000, 0x0000000084100000| Complete 
|  66|0x0000000084200000, 0x0000000084300000, 0x0000000084300000|100%| O|  |TAMS 0x0000000084300000, 0x0000000084200000| Untracked 
|  67|0x0000000084300000, 0x0000000084400000, 0x0000000084400000|100%| O|  |TAMS 0x0000000084400000, 0x0000000084300000| Untracked 
|  68|0x0000000084400000, 0x0000000084500000, 0x0000000084500000|100%| O|  |TAMS 0x0000000084500000, 0x0000000084400000| Untracked 
|  69|0x0000000084500000, 0x0000000084600000, 0x0000000084600000|100%| O|  |TAMS 0x0000000084600000, 0x0000000084500000| Untracked 
|  70|0x0000000084600000, 0x0000000084700000, 0x0000000084700000|100%| O|  |TAMS 0x0000000084700000, 0x0000000084600000| Complete 
|  71|0x0000000084700000, 0x0000000084800000, 0x0000000084800000|100%| O|  |TAMS 0x0000000084800000, 0x0000000084700000| Untracked 
|  72|0x0000000084800000, 0x0000000084900000, 0x0000000084900000|100%| O|  |TAMS 0x0000000084900000, 0x0000000084800000| Complete 
|  73|0x0000000084900000, 0x0000000084a00000, 0x0000000084a00000|100%| O|  |TAMS 0x0000000084a00000, 0x0000000084900000| Complete 
|  74|0x0000000084a00000, 0x0000000084b00000, 0x0000000084b00000|100%| O|  |TAMS 0x0000000084b00000, 0x0000000084a00000| Complete 
|  75|0x0000000084b00000, 0x0000000084c00000, 0x0000000084c00000|100%| O|  |TAMS 0x0000000084c00000, 0x0000000084b00000| Complete 
|  76|0x0000000084c00000, 0x0000000084d00000, 0x0000000084d00000|100%| O|  |TAMS 0x0000000084d00000, 0x0000000084c00000| Complete 
|  77|0x0000000084d00000, 0x0000000084e00000, 0x0000000084e00000|100%| O|  |TAMS 0x0000000084e00000, 0x0000000084d00000| Complete 
|  78|0x0000000084e00000, 0x0000000084f00000, 0x0000000084f00000|100%| O|  |TAMS 0x0000000084f00000, 0x0000000084e00000| Complete 
|  79|0x0000000084f00000, 0x0000000085000000, 0x0000000085000000|100%| O|  |TAMS 0x0000000085000000, 0x0000000084f00000| Complete 
|  80|0x0000000085000000, 0x0000000085100000, 0x0000000085100000|100%|HS|  |TAMS 0x0000000085100000, 0x0000000085000000| Complete 
|  81|0x0000000085100000, 0x0000000085200000, 0x0000000085200000|100%| O|  |TAMS 0x0000000085200000, 0x0000000085100000| Untracked 
|  82|0x0000000085200000, 0x0000000085300000, 0x0000000085300000|100%| O|  |TAMS 0x0000000085300000, 0x0000000085200000| Complete 
|  83|0x0000000085300000, 0x0000000085400000, 0x0000000085400000|100%| O|  |TAMS 0x0000000085400000, 0x0000000085300000| Complete 
|  84|0x0000000085400000, 0x0000000085500000, 0x0000000085500000|100%| O|  |TAMS 0x0000000085500000, 0x0000000085400000| Complete 
|  85|0x0000000085500000, 0x0000000085600000, 0x0000000085600000|100%|HS|  |TAMS 0x0000000085600000, 0x0000000085500000| Complete 
|  86|0x0000000085600000, 0x0000000085700000, 0x0000000085700000|100%| O|  |TAMS 0x0000000085700000, 0x0000000085600000| Untracked 
|  87|0x0000000085700000, 0x0000000085800000, 0x0000000085800000|100%| O|  |TAMS 0x0000000085800000, 0x0000000085700000| Untracked 
|  88|0x0000000085800000, 0x0000000085900000, 0x0000000085900000|100%| O|  |TAMS 0x0000000085900000, 0x0000000085800000| Complete 
|  89|0x0000000085900000, 0x0000000085a00000, 0x0000000085a00000|100%| O|  |TAMS 0x0000000085a00000, 0x0000000085900000| Untracked 
|  90|0x0000000085a00000, 0x0000000085b00000, 0x0000000085b00000|100%| O|  |TAMS 0x0000000085b00000, 0x0000000085a00000| Complete 
|  91|0x0000000085b00000, 0x0000000085c00000, 0x0000000085c00000|100%|HS|  |TAMS 0x0000000085c00000, 0x0000000085b00000| Complete 
|  92|0x0000000085c00000, 0x0000000085d00000, 0x0000000085d00000|100%|HC|  |TAMS 0x0000000085d00000, 0x0000000085c00000| Complete 
|  93|0x0000000085d00000, 0x0000000085e00000, 0x0000000085e00000|100%| O|  |TAMS 0x0000000085e00000, 0x0000000085d00000| Complete 
|  94|0x0000000085e00000, 0x0000000085f00000, 0x0000000085f00000|100%|HS|  |TAMS 0x0000000085f00000, 0x0000000085e00000| Complete 
|  95|0x0000000085f00000, 0x0000000086000000, 0x0000000086000000|100%|HS|  |TAMS 0x0000000086000000, 0x0000000085f00000| Complete 
|  96|0x0000000086000000, 0x0000000086100000, 0x0000000086100000|100%|HC|  |TAMS 0x0000000086100000, 0x0000000086000000| Complete 
|  97|0x0000000086100000, 0x0000000086200000, 0x0000000086200000|100%|HS|  |TAMS 0x0000000086200000, 0x0000000086100000| Complete 
|  98|0x0000000086200000, 0x0000000086300000, 0x0000000086300000|100%|HC|  |TAMS 0x0000000086300000, 0x0000000086200000| Complete 
|  99|0x0000000086300000, 0x0000000086400000, 0x0000000086400000|100%|HS|  |TAMS 0x0000000086400000, 0x0000000086300000| Complete 
| 100|0x0000000086400000, 0x0000000086500000, 0x0000000086500000|100%|HC|  |TAMS 0x0000000086500000, 0x0000000086400000| Complete 
| 101|0x0000000086500000, 0x0000000086600000, 0x0000000086600000|100%| O|  |TAMS 0x0000000086600000, 0x0000000086500000| Untracked 
| 102|0x0000000086600000, 0x0000000086700000, 0x0000000086700000|100%| O|  |TAMS 0x0000000086700000, 0x0000000086600000| Untracked 
| 103|0x0000000086700000, 0x0000000086800000, 0x0000000086800000|100%|HS|  |TAMS 0x0000000086800000, 0x0000000086700000| Complete 
| 104|0x0000000086800000, 0x0000000086900000, 0x0000000086900000|100%|HC|  |TAMS 0x0000000086900000, 0x0000000086800000| Complete 
| 105|0x0000000086900000, 0x0000000086a00000, 0x0000000086a00000|100%|HC|  |TAMS 0x0000000086a00000, 0x0000000086900000| Complete 
| 106|0x0000000086a00000, 0x0000000086b00000, 0x0000000086b00000|100%| O|  |TAMS 0x0000000086b00000, 0x0000000086a00000| Untracked 
| 107|0x0000000086b00000, 0x0000000086c00000, 0x0000000086c00000|100%| O|  |TAMS 0x0000000086c00000, 0x0000000086b00000| Complete 
| 108|0x0000000086c00000, 0x0000000086d00000, 0x0000000086d00000|100%| O|  |TAMS 0x0000000086d00000, 0x0000000086c00000| Complete 
| 109|0x0000000086d00000, 0x0000000086e00000, 0x0000000086e00000|100%| O|  |TAMS 0x0000000086e00000, 0x0000000086d00000| Complete 
| 110|0x0000000086e00000, 0x0000000086f00000, 0x0000000086f00000|100%|HS|  |TAMS 0x0000000086f00000, 0x0000000086e00000| Complete 
| 111|0x0000000086f00000, 0x0000000087000000, 0x0000000087000000|100%| O|  |TAMS 0x0000000087000000, 0x0000000086f00000| Untracked 
| 112|0x0000000087000000, 0x0000000087100000, 0x0000000087100000|100%| O|  |TAMS 0x0000000087100000, 0x0000000087000000| Untracked 
| 113|0x0000000087100000, 0x0000000087200000, 0x0000000087200000|100%| O|  |TAMS 0x0000000087200000, 0x0000000087100000| Untracked 
| 114|0x0000000087200000, 0x0000000087300000, 0x0000000087300000|100%| O|  |TAMS 0x0000000087300000, 0x0000000087200000| Untracked 
| 115|0x0000000087300000, 0x0000000087400000, 0x0000000087400000|100%| O|  |TAMS 0x0000000087400000, 0x0000000087300000| Complete 
| 116|0x0000000087400000, 0x0000000087500000, 0x0000000087500000|100%| O|  |TAMS 0x0000000087500000, 0x0000000087400000| Complete 
| 117|0x0000000087500000, 0x0000000087600000, 0x0000000087600000|100%|HS|  |TAMS 0x0000000087600000, 0x0000000087500000| Complete 
| 118|0x0000000087600000, 0x0000000087700000, 0x0000000087700000|100%|HC|  |TAMS 0x0000000087700000, 0x0000000087600000| Complete 
| 119|0x0000000087700000, 0x0000000087800000, 0x0000000087800000|100%| O|  |TAMS 0x0000000087800000, 0x0000000087700000| Untracked 
| 120|0x0000000087800000, 0x0000000087900000, 0x0000000087900000|100%|HS|  |TAMS 0x0000000087900000, 0x0000000087800000| Complete 
| 121|0x0000000087900000, 0x0000000087a00000, 0x0000000087a00000|100%| O|  |TAMS 0x0000000087a00000, 0x0000000087900000| Complete 
| 122|0x0000000087a00000, 0x0000000087b00000, 0x0000000087b00000|100%|HS|  |TAMS 0x0000000087b00000, 0x0000000087a00000| Complete 
| 123|0x0000000087b00000, 0x0000000087c00000, 0x0000000087c00000|100%| O|  |TAMS 0x0000000087c00000, 0x0000000087b00000| Untracked 
| 124|0x0000000087c00000, 0x0000000087d00000, 0x0000000087d00000|100%| O|  |TAMS 0x0000000087d00000, 0x0000000087c00000| Untracked 
| 125|0x0000000087d00000, 0x0000000087e00000, 0x0000000087e00000|100%| O|  |TAMS 0x0000000087e00000, 0x0000000087d00000| Untracked 
| 126|0x0000000087e00000, 0x0000000087f00000, 0x0000000087f00000|100%|HS|  |TAMS 0x0000000087f00000, 0x0000000087e00000| Complete 
| 127|0x0000000087f00000, 0x0000000088000000, 0x0000000088000000|100%|HC|  |TAMS 0x0000000088000000, 0x0000000087f00000| Complete 
| 128|0x0000000088000000, 0x0000000088100000, 0x0000000088100000|100%| O|  |TAMS 0x0000000088100000, 0x0000000088000000| Untracked 
| 129|0x0000000088100000, 0x0000000088200000, 0x0000000088200000|100%| O|  |TAMS 0x0000000088200000, 0x0000000088100000| Complete 
| 130|0x0000000088200000, 0x0000000088300000, 0x0000000088300000|100%| O|  |TAMS 0x0000000088300000, 0x0000000088200000| Untracked 
| 131|0x0000000088300000, 0x0000000088400000, 0x0000000088400000|100%| O|  |TAMS 0x0000000088400000, 0x0000000088300000| Complete 
| 132|0x0000000088400000, 0x0000000088500000, 0x0000000088500000|100%| O|  |TAMS 0x0000000088500000, 0x0000000088400000| Complete 
| 133|0x0000000088500000, 0x0000000088600000, 0x0000000088600000|100%| O|  |TAMS 0x0000000088600000, 0x0000000088500000| Complete 
| 134|0x0000000088600000, 0x0000000088700000, 0x0000000088700000|100%| O|  |TAMS 0x0000000088700000, 0x0000000088600000| Untracked 
| 135|0x0000000088700000, 0x0000000088800000, 0x0000000088800000|100%| O|  |TAMS 0x0000000088800000, 0x0000000088700000| Untracked 
| 136|0x0000000088800000, 0x0000000088900000, 0x0000000088900000|100%| O|  |TAMS 0x0000000088900000, 0x0000000088800000| Untracked 
| 137|0x0000000088900000, 0x0000000088a00000, 0x0000000088a00000|100%| O|  |TAMS 0x0000000088a00000, 0x0000000088900000| Untracked 
| 138|0x0000000088a00000, 0x0000000088b00000, 0x0000000088b00000|100%| O|  |TAMS 0x0000000088b00000, 0x0000000088a00000| Complete 
| 139|0x0000000088b00000, 0x0000000088c00000, 0x0000000088c00000|100%| O|  |TAMS 0x0000000088c00000, 0x0000000088b00000| Complete 
| 140|0x0000000088c00000, 0x0000000088d00000, 0x0000000088d00000|100%| O|  |TAMS 0x0000000088d00000, 0x0000000088c00000| Complete 
| 141|0x0000000088d00000, 0x0000000088e00000, 0x0000000088e00000|100%|HS|  |TAMS 0x0000000088e00000, 0x0000000088d00000| Complete 
| 142|0x0000000088e00000, 0x0000000088f00000, 0x0000000088f00000|100%|HC|  |TAMS 0x0000000088f00000, 0x0000000088e00000| Complete 
| 143|0x0000000088f00000, 0x0000000089000000, 0x0000000089000000|100%|HC|  |TAMS 0x0000000089000000, 0x0000000088f00000| Complete 
| 144|0x0000000089000000, 0x0000000089100000, 0x0000000089100000|100%| O|  |TAMS 0x0000000089100000, 0x0000000089000000| Complete 
| 145|0x0000000089100000, 0x0000000089200000, 0x0000000089200000|100%| O|  |TAMS 0x0000000089200000, 0x0000000089100000| Untracked 
| 146|0x0000000089200000, 0x0000000089300000, 0x0000000089300000|100%| O|  |TAMS 0x0000000089300000, 0x0000000089200000| Complete 
| 147|0x0000000089300000, 0x0000000089400000, 0x0000000089400000|100%| O|  |TAMS 0x0000000089400000, 0x0000000089300000| Untracked 
| 148|0x0000000089400000, 0x0000000089500000, 0x0000000089500000|100%| O|  |TAMS 0x0000000089500000, 0x0000000089400000| Untracked 
| 149|0x0000000089500000, 0x0000000089600000, 0x0000000089600000|100%| O|  |TAMS 0x0000000089600000, 0x0000000089500000| Untracked 
| 150|0x0000000089600000, 0x0000000089700000, 0x0000000089700000|100%| O|  |TAMS 0x0000000089700000, 0x0000000089600000| Complete 
| 151|0x0000000089700000, 0x0000000089800000, 0x0000000089800000|100%| O|  |TAMS 0x0000000089800000, 0x0000000089700000| Complete 
| 152|0x0000000089800000, 0x0000000089900000, 0x0000000089900000|100%| O|  |TAMS 0x0000000089900000, 0x0000000089800000| Untracked 
| 153|0x0000000089900000, 0x0000000089a00000, 0x0000000089a00000|100%| O|  |TAMS 0x0000000089a00000, 0x0000000089900000| Untracked 
| 154|0x0000000089a00000, 0x0000000089b00000, 0x0000000089b00000|100%| O|  |TAMS 0x0000000089b00000, 0x0000000089a00000| Untracked 
| 155|0x0000000089b00000, 0x0000000089c00000, 0x0000000089c00000|100%| O|  |TAMS 0x0000000089c00000, 0x0000000089b00000| Untracked 
| 156|0x0000000089c00000, 0x0000000089d00000, 0x0000000089d00000|100%| O|  |TAMS 0x0000000089d00000, 0x0000000089c00000| Untracked 
| 157|0x0000000089d00000, 0x0000000089e00000, 0x0000000089e00000|100%| O|  |TAMS 0x0000000089e00000, 0x0000000089d00000| Untracked 
| 158|0x0000000089e00000, 0x0000000089f00000, 0x0000000089f00000|100%| O|  |TAMS 0x0000000089f00000, 0x0000000089e00000| Complete 
| 159|0x0000000089f00000, 0x000000008a000000, 0x000000008a000000|100%| O|  |TAMS 0x000000008a000000, 0x0000000089f00000| Complete 
| 160|0x000000008a000000, 0x000000008a100000, 0x000000008a100000|100%| O|  |TAMS 0x000000008a100000, 0x000000008a000000| Untracked 
| 161|0x000000008a100000, 0x000000008a200000, 0x000000008a200000|100%| O|  |TAMS 0x000000008a200000, 0x000000008a100000| Untracked 
| 162|0x000000008a200000, 0x000000008a300000, 0x000000008a300000|100%| O|  |TAMS 0x000000008a300000, 0x000000008a200000| Untracked 
| 163|0x000000008a300000, 0x000000008a400000, 0x000000008a400000|100%| O|  |TAMS 0x000000008a400000, 0x000000008a300000| Untracked 
| 164|0x000000008a400000, 0x000000008a500000, 0x000000008a500000|100%| O|  |TAMS 0x000000008a500000, 0x000000008a400000| Untracked 
| 165|0x000000008a500000, 0x000000008a600000, 0x000000008a600000|100%| O|  |TAMS 0x000000008a600000, 0x000000008a500000| Untracked 
| 166|0x000000008a600000, 0x000000008a700000, 0x000000008a700000|100%| O|  |TAMS 0x000000008a700000, 0x000000008a600000| Untracked 
| 167|0x000000008a700000, 0x000000008a800000, 0x000000008a800000|100%| O|  |TAMS 0x000000008a800000, 0x000000008a700000| Untracked 
| 168|0x000000008a800000, 0x000000008a900000, 0x000000008a900000|100%| O|  |TAMS 0x000000008a900000, 0x000000008a800000| Untracked 
| 169|0x000000008a900000, 0x000000008aa00000, 0x000000008aa00000|100%| O|  |TAMS 0x000000008aa00000, 0x000000008a900000| Complete 
| 170|0x000000008aa00000, 0x000000008ab00000, 0x000000008ab00000|100%| O|  |TAMS 0x000000008ab00000, 0x000000008aa00000| Complete 
| 171|0x000000008ab00000, 0x000000008ac00000, 0x000000008ac00000|100%| O|  |TAMS 0x000000008ac00000, 0x000000008ab00000| Untracked 
| 172|0x000000008ac00000, 0x000000008ad00000, 0x000000008ad00000|100%| O|  |TAMS 0x000000008ad00000, 0x000000008ac00000| Untracked 
| 173|0x000000008ad00000, 0x000000008ae00000, 0x000000008ae00000|100%| O|  |TAMS 0x000000008ae00000, 0x000000008ad00000| Untracked 
| 174|0x000000008ae00000, 0x000000008af00000, 0x000000008af00000|100%| O|  |TAMS 0x000000008af00000, 0x000000008ae00000| Untracked 
| 175|0x000000008af00000, 0x000000008b000000, 0x000000008b000000|100%| O|  |TAMS 0x000000008b000000, 0x000000008af00000| Untracked 
| 176|0x000000008b000000, 0x000000008b100000, 0x000000008b100000|100%| O|  |TAMS 0x000000008b100000, 0x000000008b000000| Untracked 
| 177|0x000000008b100000, 0x000000008b200000, 0x000000008b200000|100%| O|  |TAMS 0x000000008b200000, 0x000000008b100000| Untracked 
| 178|0x000000008b200000, 0x000000008b300000, 0x000000008b300000|100%| O|  |TAMS 0x000000008b300000, 0x000000008b200000| Untracked 
| 179|0x000000008b300000, 0x000000008b400000, 0x000000008b400000|100%| O|  |TAMS 0x000000008b400000, 0x000000008b300000| Untracked 
| 180|0x000000008b400000, 0x000000008b500000, 0x000000008b500000|100%| O|  |TAMS 0x000000008b500000, 0x000000008b400000| Untracked 
| 181|0x000000008b500000, 0x000000008b600000, 0x000000008b600000|100%| O|  |TAMS 0x000000008b600000, 0x000000008b500000| Untracked 
| 182|0x000000008b600000, 0x000000008b700000, 0x000000008b700000|100%| O|  |TAMS 0x000000008b700000, 0x000000008b600000| Untracked 
| 183|0x000000008b700000, 0x000000008b800000, 0x000000008b800000|100%| O|  |TAMS 0x000000008b800000, 0x000000008b700000| Untracked 
| 184|0x000000008b800000, 0x000000008b900000, 0x000000008b900000|100%| O|  |TAMS 0x000000008b900000, 0x000000008b800000| Untracked 
| 185|0x000000008b900000, 0x000000008ba00000, 0x000000008ba00000|100%| O|  |TAMS 0x000000008ba00000, 0x000000008b900000| Untracked 
| 186|0x000000008ba00000, 0x000000008bb00000, 0x000000008bb00000|100%| O|  |TAMS 0x000000008bb00000, 0x000000008ba00000| Untracked 
| 187|0x000000008bb00000, 0x000000008bc00000, 0x000000008bc00000|100%| O|  |TAMS 0x000000008bc00000, 0x000000008bb00000| Complete 
| 188|0x000000008bc00000, 0x000000008bd00000, 0x000000008bd00000|100%| O|  |TAMS 0x000000008bd00000, 0x000000008bc00000| Untracked 
| 189|0x000000008bd00000, 0x000000008bd00000, 0x000000008be00000|  0%| F|  |TAMS 0x000000008bd00000, 0x000000008bd00000| Untracked 
| 190|0x000000008be00000, 0x000000008be00000, 0x000000008bf00000|  0%| F|  |TAMS 0x000000008be00000, 0x000000008be00000| Untracked 
| 191|0x000000008bf00000, 0x000000008bf00000, 0x000000008c000000|  0%| F|  |TAMS 0x000000008bf00000, 0x000000008bf00000| Untracked 
| 192|0x000000008c000000, 0x000000008c000000, 0x000000008c100000|  0%| F|  |TAMS 0x000000008c000000, 0x000000008c000000| Untracked 
| 193|0x000000008c100000, 0x000000008c100000, 0x000000008c200000|  0%| F|  |TAMS 0x000000008c100000, 0x000000008c100000| Untracked 
| 194|0x000000008c200000, 0x000000008c200000, 0x000000008c300000|  0%| F|  |TAMS 0x000000008c200000, 0x000000008c200000| Untracked 
| 195|0x000000008c300000, 0x000000008c300000, 0x000000008c400000|  0%| F|  |TAMS 0x000000008c300000, 0x000000008c300000| Untracked 
| 196|0x000000008c400000, 0x000000008c400000, 0x000000008c500000|  0%| F|  |TAMS 0x000000008c400000, 0x000000008c400000| Untracked 
| 197|0x000000008c500000, 0x000000008c500000, 0x000000008c600000|  0%| F|  |TAMS 0x000000008c500000, 0x000000008c500000| Untracked 
| 198|0x000000008c600000, 0x000000008c600000, 0x000000008c700000|  0%| F|  |TAMS 0x000000008c600000, 0x000000008c600000| Untracked 
| 199|0x000000008c700000, 0x000000008c700000, 0x000000008c800000|  0%| F|  |TAMS 0x000000008c700000, 0x000000008c700000| Untracked 
| 200|0x000000008c800000, 0x000000008c800000, 0x000000008c900000|  0%| F|  |TAMS 0x000000008c800000, 0x000000008c800000| Untracked 
| 201|0x000000008c900000, 0x000000008c900000, 0x000000008ca00000|  0%| F|  |TAMS 0x000000008c900000, 0x000000008c900000| Untracked 
| 202|0x000000008ca00000, 0x000000008ca00000, 0x000000008cb00000|  0%| F|  |TAMS 0x000000008ca00000, 0x000000008ca00000| Untracked 
| 203|0x000000008cb00000, 0x000000008cb00000, 0x000000008cc00000|  0%| F|  |TAMS 0x000000008cb00000, 0x000000008cb00000| Untracked 
| 204|0x000000008cc00000, 0x000000008cc00000, 0x000000008cd00000|  0%| F|  |TAMS 0x000000008cc00000, 0x000000008cc00000| Untracked 
| 205|0x000000008cd00000, 0x000000008cd00000, 0x000000008ce00000|  0%| F|  |TAMS 0x000000008cd00000, 0x000000008cd00000| Untracked 
| 206|0x000000008ce00000, 0x000000008ce00000, 0x000000008cf00000|  0%| F|  |TAMS 0x000000008ce00000, 0x000000008ce00000| Untracked 
| 207|0x000000008cf00000, 0x000000008cf00000, 0x000000008d000000|  0%| F|  |TAMS 0x000000008cf00000, 0x000000008cf00000| Untracked 
| 208|0x000000008d000000, 0x000000008d000000, 0x000000008d100000|  0%| F|  |TAMS 0x000000008d000000, 0x000000008d000000| Untracked 
| 209|0x000000008d100000, 0x000000008d100000, 0x000000008d200000|  0%| F|  |TAMS 0x000000008d100000, 0x000000008d100000| Untracked 
| 210|0x000000008d200000, 0x000000008d200000, 0x000000008d300000|  0%| F|  |TAMS 0x000000008d200000, 0x000000008d200000| Untracked 
| 211|0x000000008d300000, 0x000000008d300000, 0x000000008d400000|  0%| F|  |TAMS 0x000000008d300000, 0x000000008d300000| Untracked 
| 212|0x000000008d400000, 0x000000008d400000, 0x000000008d500000|  0%| F|  |TAMS 0x000000008d400000, 0x000000008d400000| Untracked 
| 213|0x000000008d500000, 0x000000008d500000, 0x000000008d600000|  0%| F|  |TAMS 0x000000008d500000, 0x000000008d500000| Untracked 
| 214|0x000000008d600000, 0x000000008d600000, 0x000000008d700000|  0%| F|  |TAMS 0x000000008d600000, 0x000000008d600000| Untracked 
| 215|0x000000008d700000, 0x000000008d700000, 0x000000008d800000|  0%| F|  |TAMS 0x000000008d700000, 0x000000008d700000| Untracked 
| 216|0x000000008d800000, 0x000000008d800000, 0x000000008d900000|  0%| F|  |TAMS 0x000000008d800000, 0x000000008d800000| Untracked 
| 217|0x000000008d900000, 0x000000008d900000, 0x000000008da00000|  0%| F|  |TAMS 0x000000008d900000, 0x000000008d900000| Untracked 
| 218|0x000000008da00000, 0x000000008da00000, 0x000000008db00000|  0%| F|  |TAMS 0x000000008da00000, 0x000000008da00000| Untracked 
| 219|0x000000008db00000, 0x000000008db00000, 0x000000008dc00000|  0%| F|  |TAMS 0x000000008db00000, 0x000000008db00000| Untracked 
| 220|0x000000008dc00000, 0x000000008dc00000, 0x000000008dd00000|  0%| F|  |TAMS 0x000000008dc00000, 0x000000008dc00000| Untracked 
| 221|0x000000008dd00000, 0x000000008dd00000, 0x000000008de00000|  0%| F|  |TAMS 0x000000008dd00000, 0x000000008dd00000| Untracked 
| 222|0x000000008de00000, 0x000000008de00000, 0x000000008df00000|  0%| F|  |TAMS 0x000000008de00000, 0x000000008de00000| Untracked 
| 223|0x000000008df00000, 0x000000008df00000, 0x000000008e000000|  0%| F|  |TAMS 0x000000008df00000, 0x000000008df00000| Untracked 
| 224|0x000000008e000000, 0x000000008e000000, 0x000000008e100000|  0%| F|  |TAMS 0x000000008e000000, 0x000000008e000000| Untracked 
| 225|0x000000008e100000, 0x000000008e100000, 0x000000008e200000|  0%| F|  |TAMS 0x000000008e100000, 0x000000008e100000| Untracked 
| 226|0x000000008e200000, 0x000000008e200000, 0x000000008e300000|  0%| F|  |TAMS 0x000000008e200000, 0x000000008e200000| Untracked 
| 227|0x000000008e300000, 0x000000008e300000, 0x000000008e400000|  0%| F|  |TAMS 0x000000008e300000, 0x000000008e300000| Untracked 
| 228|0x000000008e400000, 0x000000008e400000, 0x000000008e500000|  0%| F|  |TAMS 0x000000008e400000, 0x000000008e400000| Untracked 
| 229|0x000000008e500000, 0x000000008e500000, 0x000000008e600000|  0%| F|  |TAMS 0x000000008e500000, 0x000000008e500000| Untracked 
| 230|0x000000008e600000, 0x000000008e600000, 0x000000008e700000|  0%| F|  |TAMS 0x000000008e600000, 0x000000008e600000| Untracked 
| 231|0x000000008e700000, 0x000000008e700000, 0x000000008e800000|  0%| F|  |TAMS 0x000000008e700000, 0x000000008e700000| Untracked 
| 232|0x000000008e800000, 0x000000008e800000, 0x000000008e900000|  0%| F|  |TAMS 0x000000008e800000, 0x000000008e800000| Untracked 
| 233|0x000000008e900000, 0x000000008e900000, 0x000000008ea00000|  0%| F|  |TAMS 0x000000008e900000, 0x000000008e900000| Untracked 
| 234|0x000000008ea00000, 0x000000008ea00000, 0x000000008eb00000|  0%| F|  |TAMS 0x000000008ea00000, 0x000000008ea00000| Untracked 
| 235|0x000000008eb00000, 0x000000008eb00000, 0x000000008ec00000|  0%| F|  |TAMS 0x000000008eb00000, 0x000000008eb00000| Untracked 
| 236|0x000000008ec00000, 0x000000008ec00000, 0x000000008ed00000|  0%| F|  |TAMS 0x000000008ec00000, 0x000000008ec00000| Untracked 
| 237|0x000000008ed00000, 0x000000008ed00000, 0x000000008ee00000|  0%| F|  |TAMS 0x000000008ed00000, 0x000000008ed00000| Untracked 
| 238|0x000000008ee00000, 0x000000008ee00000, 0x000000008ef00000|  0%| F|  |TAMS 0x000000008ee00000, 0x000000008ee00000| Untracked 
| 239|0x000000008ef00000, 0x000000008ef00000, 0x000000008f000000|  0%| F|  |TAMS 0x000000008ef00000, 0x000000008ef00000| Untracked 
| 240|0x000000008f000000, 0x000000008f000000, 0x000000008f100000|  0%| F|  |TAMS 0x000000008f000000, 0x000000008f000000| Untracked 
| 241|0x000000008f100000, 0x000000008f100000, 0x000000008f200000|  0%| F|  |TAMS 0x000000008f100000, 0x000000008f100000| Untracked 
| 242|0x000000008f200000, 0x000000008f200000, 0x000000008f300000|  0%| F|  |TAMS 0x000000008f200000, 0x000000008f200000| Untracked 
| 243|0x000000008f300000, 0x000000008f300000, 0x000000008f400000|  0%| F|  |TAMS 0x000000008f300000, 0x000000008f300000| Untracked 
| 244|0x000000008f400000, 0x000000008f400000, 0x000000008f500000|  0%| F|  |TAMS 0x000000008f400000, 0x000000008f400000| Untracked 
| 245|0x000000008f500000, 0x000000008f500000, 0x000000008f600000|  0%| F|  |TAMS 0x000000008f500000, 0x000000008f500000| Untracked 
| 246|0x000000008f600000, 0x000000008f600000, 0x000000008f700000|  0%| F|  |TAMS 0x000000008f600000, 0x000000008f600000| Untracked 
| 247|0x000000008f700000, 0x000000008f700000, 0x000000008f800000|  0%| F|  |TAMS 0x000000008f700000, 0x000000008f700000| Untracked 
| 248|0x000000008f800000, 0x000000008f800000, 0x000000008f900000|  0%| F|  |TAMS 0x000000008f800000, 0x000000008f800000| Untracked 
| 249|0x000000008f900000, 0x000000008f900000, 0x000000008fa00000|  0%| F|  |TAMS 0x000000008f900000, 0x000000008f900000| Untracked 
| 250|0x000000008fa00000, 0x000000008fa00000, 0x000000008fb00000|  0%| F|  |TAMS 0x000000008fa00000, 0x000000008fa00000| Untracked 
| 251|0x000000008fb00000, 0x000000008fb00000, 0x000000008fc00000|  0%| F|  |TAMS 0x000000008fb00000, 0x000000008fb00000| Untracked 
| 252|0x000000008fc00000, 0x000000008fc00000, 0x000000008fd00000|  0%| F|  |TAMS 0x000000008fc00000, 0x000000008fc00000| Untracked 
| 253|0x000000008fd00000, 0x000000008fd00000, 0x000000008fe00000|  0%| F|  |TAMS 0x000000008fd00000, 0x000000008fd00000| Untracked 
| 254|0x000000008fe00000, 0x000000008fe00000, 0x000000008ff00000|  0%| F|  |TAMS 0x000000008fe00000, 0x000000008fe00000| Untracked 
| 255|0x000000008ff00000, 0x000000008ff00000, 0x0000000090000000|  0%| F|  |TAMS 0x000000008ff00000, 0x000000008ff00000| Untracked 
| 256|0x0000000090000000, 0x0000000090000000, 0x0000000090100000|  0%| F|  |TAMS 0x0000000090000000, 0x0000000090000000| Untracked 
| 257|0x0000000090100000, 0x0000000090100000, 0x0000000090200000|  0%| F|  |TAMS 0x0000000090100000, 0x0000000090100000| Untracked 
| 258|0x0000000090200000, 0x0000000090200000, 0x0000000090300000|  0%| F|  |TAMS 0x0000000090200000, 0x0000000090200000| Untracked 
| 259|0x0000000090300000, 0x0000000090300000, 0x0000000090400000|  0%| F|  |TAMS 0x0000000090300000, 0x0000000090300000| Untracked 
| 260|0x0000000090400000, 0x0000000090400000, 0x0000000090500000|  0%| F|  |TAMS 0x0000000090400000, 0x0000000090400000| Untracked 
| 261|0x0000000090500000, 0x0000000090500000, 0x0000000090600000|  0%| F|  |TAMS 0x0000000090500000, 0x0000000090500000| Untracked 
| 262|0x0000000090600000, 0x0000000090600000, 0x0000000090700000|  0%| F|  |TAMS 0x0000000090600000, 0x0000000090600000| Untracked 
| 263|0x0000000090700000, 0x0000000090700000, 0x0000000090800000|  0%| F|  |TAMS 0x0000000090700000, 0x0000000090700000| Untracked 
| 264|0x0000000090800000, 0x0000000090800000, 0x0000000090900000|  0%| F|  |TAMS 0x0000000090800000, 0x0000000090800000| Untracked 
| 265|0x0000000090900000, 0x0000000090900000, 0x0000000090a00000|  0%| F|  |TAMS 0x0000000090900000, 0x0000000090900000| Untracked 
| 266|0x0000000090a00000, 0x0000000090a00000, 0x0000000090b00000|  0%| F|  |TAMS 0x0000000090a00000, 0x0000000090a00000| Untracked 
| 267|0x0000000090b00000, 0x0000000090b00000, 0x0000000090c00000|  0%| F|  |TAMS 0x0000000090b00000, 0x0000000090b00000| Untracked 
| 268|0x0000000090c00000, 0x0000000090c00000, 0x0000000090d00000|  0%| F|  |TAMS 0x0000000090c00000, 0x0000000090c00000| Untracked 
| 269|0x0000000090d00000, 0x0000000090d00000, 0x0000000090e00000|  0%| F|  |TAMS 0x0000000090d00000, 0x0000000090d00000| Untracked 
| 270|0x0000000090e00000, 0x0000000090e00000, 0x0000000090f00000|  0%| F|  |TAMS 0x0000000090e00000, 0x0000000090e00000| Untracked 
| 271|0x0000000090f00000, 0x0000000090f00000, 0x0000000091000000|  0%| F|  |TAMS 0x0000000090f00000, 0x0000000090f00000| Untracked 
| 272|0x0000000091000000, 0x0000000091000000, 0x0000000091100000|  0%| F|  |TAMS 0x0000000091000000, 0x0000000091000000| Untracked 
| 273|0x0000000091100000, 0x0000000091100000, 0x0000000091200000|  0%| F|  |TAMS 0x0000000091100000, 0x0000000091100000| Untracked 
| 274|0x0000000091200000, 0x0000000091200000, 0x0000000091300000|  0%| F|  |TAMS 0x0000000091200000, 0x0000000091200000| Untracked 
| 275|0x0000000091300000, 0x0000000091300000, 0x0000000091400000|  0%| F|  |TAMS 0x0000000091300000, 0x0000000091300000| Untracked 
| 276|0x0000000091400000, 0x0000000091400000, 0x0000000091500000|  0%| F|  |TAMS 0x0000000091400000, 0x0000000091400000| Untracked 
| 277|0x0000000091500000, 0x0000000091500000, 0x0000000091600000|  0%| F|  |TAMS 0x0000000091500000, 0x0000000091500000| Untracked 
| 278|0x0000000091600000, 0x0000000091600000, 0x0000000091700000|  0%| F|  |TAMS 0x0000000091600000, 0x0000000091600000| Untracked 
| 279|0x0000000091700000, 0x0000000091700000, 0x0000000091800000|  0%| F|  |TAMS 0x0000000091700000, 0x0000000091700000| Untracked 
| 280|0x0000000091800000, 0x0000000091800000, 0x0000000091900000|  0%| F|  |TAMS 0x0000000091800000, 0x0000000091800000| Untracked 
| 281|0x0000000091900000, 0x0000000091900000, 0x0000000091a00000|  0%| F|  |TAMS 0x0000000091900000, 0x0000000091900000| Untracked 
| 282|0x0000000091a00000, 0x0000000091a00000, 0x0000000091b00000|  0%| F|  |TAMS 0x0000000091a00000, 0x0000000091a00000| Untracked 
| 283|0x0000000091b00000, 0x0000000091b00000, 0x0000000091c00000|  0%| F|  |TAMS 0x0000000091b00000, 0x0000000091b00000| Untracked 
| 284|0x0000000091c00000, 0x0000000091c00000, 0x0000000091d00000|  0%| F|  |TAMS 0x0000000091c00000, 0x0000000091c00000| Untracked 
| 285|0x0000000091d00000, 0x0000000091d00000, 0x0000000091e00000|  0%| F|  |TAMS 0x0000000091d00000, 0x0000000091d00000| Untracked 
| 286|0x0000000091e00000, 0x0000000091e00000, 0x0000000091f00000|  0%| F|  |TAMS 0x0000000091e00000, 0x0000000091e00000| Untracked 
| 287|0x0000000091f00000, 0x0000000091f00000, 0x0000000092000000|  0%| F|  |TAMS 0x0000000091f00000, 0x0000000091f00000| Untracked 
| 288|0x0000000092000000, 0x0000000092000000, 0x0000000092100000|  0%| F|  |TAMS 0x0000000092000000, 0x0000000092000000| Untracked 
| 289|0x0000000092100000, 0x0000000092100000, 0x0000000092200000|  0%| F|  |TAMS 0x0000000092100000, 0x0000000092100000| Untracked 
| 290|0x0000000092200000, 0x0000000092200000, 0x0000000092300000|  0%| F|  |TAMS 0x0000000092200000, 0x0000000092200000| Untracked 
| 291|0x0000000092300000, 0x0000000092300000, 0x0000000092400000|  0%| F|  |TAMS 0x0000000092300000, 0x0000000092300000| Untracked 
| 292|0x0000000092400000, 0x0000000092400000, 0x0000000092500000|  0%| F|  |TAMS 0x0000000092400000, 0x0000000092400000| Untracked 
| 293|0x0000000092500000, 0x0000000092500000, 0x0000000092600000|  0%| F|  |TAMS 0x0000000092500000, 0x0000000092500000| Untracked 
| 294|0x0000000092600000, 0x0000000092600000, 0x0000000092700000|  0%| F|  |TAMS 0x0000000092600000, 0x0000000092600000| Untracked 
| 295|0x0000000092700000, 0x0000000092700000, 0x0000000092800000|  0%| F|  |TAMS 0x0000000092700000, 0x0000000092700000| Untracked 
| 296|0x0000000092800000, 0x0000000092800000, 0x0000000092900000|  0%| F|  |TAMS 0x0000000092800000, 0x0000000092800000| Untracked 
| 297|0x0000000092900000, 0x0000000092900000, 0x0000000092a00000|  0%| F|  |TAMS 0x0000000092900000, 0x0000000092900000| Untracked 
| 298|0x0000000092a00000, 0x0000000092a00000, 0x0000000092b00000|  0%| F|  |TAMS 0x0000000092a00000, 0x0000000092a00000| Untracked 
| 299|0x0000000092b00000, 0x0000000092b00000, 0x0000000092c00000|  0%| F|  |TAMS 0x0000000092b00000, 0x0000000092b00000| Untracked 
| 300|0x0000000092c00000, 0x0000000092c00000, 0x0000000092d00000|  0%| F|  |TAMS 0x0000000092c00000, 0x0000000092c00000| Untracked 
| 301|0x0000000092d00000, 0x0000000092d00000, 0x0000000092e00000|  0%| F|  |TAMS 0x0000000092d00000, 0x0000000092d00000| Untracked 
| 302|0x0000000092e00000, 0x0000000092e00000, 0x0000000092f00000|  0%| F|  |TAMS 0x0000000092e00000, 0x0000000092e00000| Untracked 
| 303|0x0000000092f00000, 0x0000000092f00000, 0x0000000093000000|  0%| F|  |TAMS 0x0000000092f00000, 0x0000000092f00000| Untracked 
| 304|0x0000000093000000, 0x0000000093000000, 0x0000000093100000|  0%| F|  |TAMS 0x0000000093000000, 0x0000000093000000| Untracked 
| 305|0x0000000093100000, 0x0000000093100000, 0x0000000093200000|  0%| F|  |TAMS 0x0000000093100000, 0x0000000093100000| Untracked 
| 306|0x0000000093200000, 0x0000000093200000, 0x0000000093300000|  0%| F|  |TAMS 0x0000000093200000, 0x0000000093200000| Untracked 
| 307|0x0000000093300000, 0x0000000093300000, 0x0000000093400000|  0%| F|  |TAMS 0x0000000093300000, 0x0000000093300000| Untracked 
| 308|0x0000000093400000, 0x0000000093400000, 0x0000000093500000|  0%| F|  |TAMS 0x0000000093400000, 0x0000000093400000| Untracked 
| 309|0x0000000093500000, 0x0000000093500000, 0x0000000093600000|  0%| F|  |TAMS 0x0000000093500000, 0x0000000093500000| Untracked 
| 310|0x0000000093600000, 0x0000000093600000, 0x0000000093700000|  0%| F|  |TAMS 0x0000000093600000, 0x0000000093600000| Untracked 
| 311|0x0000000093700000, 0x0000000093700000, 0x0000000093800000|  0%| F|  |TAMS 0x0000000093700000, 0x0000000093700000| Untracked 
| 312|0x0000000093800000, 0x0000000093800000, 0x0000000093900000|  0%| F|  |TAMS 0x0000000093800000, 0x0000000093800000| Untracked 
| 313|0x0000000093900000, 0x0000000093900000, 0x0000000093a00000|  0%| F|  |TAMS 0x0000000093900000, 0x0000000093900000| Untracked 
| 314|0x0000000093a00000, 0x0000000093a00000, 0x0000000093b00000|  0%| F|  |TAMS 0x0000000093a00000, 0x0000000093a00000| Untracked 
| 315|0x0000000093b00000, 0x0000000093b00000, 0x0000000093c00000|  0%| F|  |TAMS 0x0000000093b00000, 0x0000000093b00000| Untracked 
| 316|0x0000000093c00000, 0x0000000093c00000, 0x0000000093d00000|  0%| F|  |TAMS 0x0000000093c00000, 0x0000000093c00000| Untracked 
| 317|0x0000000093d00000, 0x0000000093d00000, 0x0000000093e00000|  0%| F|  |TAMS 0x0000000093d00000, 0x0000000093d00000| Untracked 
| 318|0x0000000093e00000, 0x0000000093e00000, 0x0000000093f00000|  0%| F|  |TAMS 0x0000000093e00000, 0x0000000093e00000| Untracked 
| 319|0x0000000093f00000, 0x0000000093f00000, 0x0000000094000000|  0%| F|  |TAMS 0x0000000093f00000, 0x0000000093f00000| Untracked 
| 320|0x0000000094000000, 0x0000000094000000, 0x0000000094100000|  0%| F|  |TAMS 0x0000000094000000, 0x0000000094000000| Untracked 
| 321|0x0000000094100000, 0x0000000094100000, 0x0000000094200000|  0%| F|  |TAMS 0x0000000094100000, 0x0000000094100000| Untracked 
| 322|0x0000000094200000, 0x0000000094200000, 0x0000000094300000|  0%| F|  |TAMS 0x0000000094200000, 0x0000000094200000| Untracked 
| 323|0x0000000094300000, 0x0000000094300000, 0x0000000094400000|  0%| F|  |TAMS 0x0000000094300000, 0x0000000094300000| Untracked 
| 324|0x0000000094400000, 0x0000000094400000, 0x0000000094500000|  0%| F|  |TAMS 0x0000000094400000, 0x0000000094400000| Untracked 
| 325|0x0000000094500000, 0x0000000094500000, 0x0000000094600000|  0%| F|  |TAMS 0x0000000094500000, 0x0000000094500000| Untracked 
| 326|0x0000000094600000, 0x0000000094700000, 0x0000000094700000|100%| S|CS|TAMS 0x0000000094600000, 0x0000000094600000| Complete 
| 327|0x0000000094700000, 0x0000000094800000, 0x0000000094800000|100%| S|CS|TAMS 0x0000000094700000, 0x0000000094700000| Complete 
| 328|0x0000000094800000, 0x0000000094900000, 0x0000000094900000|100%| S|CS|TAMS 0x0000000094800000, 0x0000000094800000| Complete 
| 329|0x0000000094900000, 0x0000000094a00000, 0x0000000094a00000|100%| S|CS|TAMS 0x0000000094900000, 0x0000000094900000| Complete 
| 330|0x0000000094a00000, 0x0000000094a00000, 0x0000000094b00000|  0%| F|  |TAMS 0x0000000094a00000, 0x0000000094a00000| Untracked 
| 331|0x0000000094b00000, 0x0000000094b00000, 0x0000000094c00000|  0%| F|  |TAMS 0x0000000094b00000, 0x0000000094b00000| Untracked 
| 332|0x0000000094c00000, 0x0000000094c00000, 0x0000000094d00000|  0%| F|  |TAMS 0x0000000094c00000, 0x0000000094c00000| Untracked 
| 333|0x0000000094d00000, 0x0000000094d00000, 0x0000000094e00000|  0%| F|  |TAMS 0x0000000094d00000, 0x0000000094d00000| Untracked 
| 334|0x0000000094e00000, 0x0000000094e00000, 0x0000000094f00000|  0%| F|  |TAMS 0x0000000094e00000, 0x0000000094e00000| Untracked 
| 335|0x0000000094f00000, 0x0000000095000000, 0x0000000095000000|100%| S|CS|TAMS 0x0000000094f00000, 0x0000000094f00000| Complete 
| 336|0x0000000095000000, 0x0000000095000000, 0x0000000095100000|  0%| F|  |TAMS 0x0000000095000000, 0x0000000095000000| Untracked 
| 337|0x0000000095100000, 0x0000000095100000, 0x0000000095200000|  0%| F|  |TAMS 0x0000000095100000, 0x0000000095100000| Untracked 
| 338|0x0000000095200000, 0x0000000095200000, 0x0000000095300000|  0%| F|  |TAMS 0x0000000095200000, 0x0000000095200000| Untracked 
| 339|0x0000000095300000, 0x0000000095300000, 0x0000000095400000|  0%| F|  |TAMS 0x0000000095300000, 0x0000000095300000| Untracked 
| 340|0x0000000095400000, 0x0000000095400000, 0x0000000095500000|  0%| F|  |TAMS 0x0000000095400000, 0x0000000095400000| Untracked 
| 341|0x0000000095500000, 0x0000000095500000, 0x0000000095600000|  0%| F|  |TAMS 0x0000000095500000, 0x0000000095500000| Untracked 
| 342|0x0000000095600000, 0x0000000095600000, 0x0000000095700000|  0%| F|  |TAMS 0x0000000095600000, 0x0000000095600000| Untracked 
| 343|0x0000000095700000, 0x0000000095700000, 0x0000000095800000|  0%| F|  |TAMS 0x0000000095700000, 0x0000000095700000| Untracked 
| 344|0x0000000095800000, 0x0000000095800000, 0x0000000095900000|  0%| F|  |TAMS 0x0000000095800000, 0x0000000095800000| Untracked 
| 345|0x0000000095900000, 0x0000000095900000, 0x0000000095a00000|  0%| F|  |TAMS 0x0000000095900000, 0x0000000095900000| Untracked 
| 346|0x0000000095a00000, 0x0000000095aaa550, 0x0000000095b00000| 66%| E|  |TAMS 0x0000000095a00000, 0x0000000095a00000| Complete 
| 347|0x0000000095b00000, 0x0000000095c00000, 0x0000000095c00000|100%| E|CS|TAMS 0x0000000095b00000, 0x0000000095b00000| Complete 
| 348|0x0000000095c00000, 0x0000000095d00000, 0x0000000095d00000|100%| E|CS|TAMS 0x0000000095c00000, 0x0000000095c00000| Complete 
| 349|0x0000000095d00000, 0x0000000095e00000, 0x0000000095e00000|100%| E|CS|TAMS 0x0000000095d00000, 0x0000000095d00000| Complete 
| 350|0x0000000095e00000, 0x0000000095f00000, 0x0000000095f00000|100%| E|CS|TAMS 0x0000000095e00000, 0x0000000095e00000| Complete 
| 351|0x0000000095f00000, 0x0000000096000000, 0x0000000096000000|100%| E|CS|TAMS 0x0000000095f00000, 0x0000000095f00000| Complete 
| 352|0x0000000096000000, 0x0000000096100000, 0x0000000096100000|100%| E|CS|TAMS 0x0000000096000000, 0x0000000096000000| Complete 
| 353|0x0000000096100000, 0x0000000096200000, 0x0000000096200000|100%| E|CS|TAMS 0x0000000096100000, 0x0000000096100000| Complete 
| 354|0x0000000096200000, 0x0000000096300000, 0x0000000096300000|100%| E|CS|TAMS 0x0000000096200000, 0x0000000096200000| Complete 
| 355|0x0000000096300000, 0x0000000096400000, 0x0000000096400000|100%| E|CS|TAMS 0x0000000096300000, 0x0000000096300000| Complete 
| 356|0x0000000096400000, 0x0000000096500000, 0x0000000096500000|100%| E|CS|TAMS 0x0000000096400000, 0x0000000096400000| Complete 
| 357|0x0000000096500000, 0x0000000096600000, 0x0000000096600000|100%| E|CS|TAMS 0x0000000096500000, 0x0000000096500000| Complete 
| 358|0x0000000096600000, 0x0000000096700000, 0x0000000096700000|100%| E|CS|TAMS 0x0000000096600000, 0x0000000096600000| Complete 
| 359|0x0000000096700000, 0x0000000096800000, 0x0000000096800000|100%| E|CS|TAMS 0x0000000096700000, 0x0000000096700000| Complete 
| 360|0x0000000096800000, 0x0000000096900000, 0x0000000096900000|100%| E|CS|TAMS 0x0000000096800000, 0x0000000096800000| Complete 
| 361|0x0000000096900000, 0x0000000096a00000, 0x0000000096a00000|100%| E|CS|TAMS 0x0000000096900000, 0x0000000096900000| Complete 
| 362|0x0000000096a00000, 0x0000000096b00000, 0x0000000096b00000|100%| E|CS|TAMS 0x0000000096a00000, 0x0000000096a00000| Complete 
| 363|0x0000000096b00000, 0x0000000096c00000, 0x0000000096c00000|100%| E|CS|TAMS 0x0000000096b00000, 0x0000000096b00000| Complete 
| 364|0x0000000096c00000, 0x0000000096d00000, 0x0000000096d00000|100%| E|CS|TAMS 0x0000000096c00000, 0x0000000096c00000| Complete 
| 365|0x0000000096d00000, 0x0000000096e00000, 0x0000000096e00000|100%| E|CS|TAMS 0x0000000096d00000, 0x0000000096d00000| Complete 
| 366|0x0000000096e00000, 0x0000000096f00000, 0x0000000096f00000|100%| E|CS|TAMS 0x0000000096e00000, 0x0000000096e00000| Complete 
| 367|0x0000000096f00000, 0x0000000097000000, 0x0000000097000000|100%| E|CS|TAMS 0x0000000096f00000, 0x0000000096f00000| Complete 
| 368|0x0000000097000000, 0x0000000097100000, 0x0000000097100000|100%| E|CS|TAMS 0x0000000097000000, 0x0000000097000000| Complete 
| 369|0x0000000097100000, 0x0000000097200000, 0x0000000097200000|100%| E|CS|TAMS 0x0000000097100000, 0x0000000097100000| Complete 

Card table byte_map: [0x0000017ce8680000,0x0000017ce8a80000] _byte_map_base: 0x0000017ce8280000

Marking Bits (Prev, Next): (CMBitMap*) 0x0000017cd57940b0, (CMBitMap*) 0x0000017cd5794078
 Prev Bits: [0x0000017ceae80000, 0x0000017cece80000)
 Next Bits: [0x0000017ce8e80000, 0x0000017ceae80000)

Polling page: 0x0000017cd36f0000

Metaspace:

Usage:
  Non-class:     95.06 MB capacity,    93.16 MB ( 98%) used,     1.55 MB (  2%) free+waste,   361.00 KB ( <1%) overhead. 
      Class:     14.76 MB capacity,    13.63 MB ( 92%) used,   994.71 KB (  7%) free+waste,   162.00 KB (  1%) overhead. 
       Both:    109.82 MB capacity,   106.79 MB ( 97%) used,     2.52 MB (  2%) free+waste,   523.00 KB ( <1%) overhead. 

Virtual space:
  Non-class space:       96.00 MB reserved,      95.17 MB (>99%) committed 
      Class space:        1.00 GB reserved,      14.88 MB (  1%) committed 
             Both:        1.09 GB reserved,     110.05 MB ( 10%) committed 

Chunk freelists:
   Non-Class:  51.00 KB
       Class:  0 bytes
        Both:  51.00 KB

MaxMetaspaceSize: 17179869184.00 GB
CompressedClassSpaceSize: 1.00 GB
Initial GC threshold: 20.80 MB
Current GC threshold: 181.95 MB
CDS: off

CodeHeap 'non-profiled nmethods': size=120064Kb used=10218Kb max_used=10218Kb free=109845Kb
 bounds [0x0000017ce0d40000, 0x0000017ce1740000, 0x0000017ce8280000]
CodeHeap 'profiled nmethods': size=120000Kb used=36024Kb max_used=36024Kb free=83975Kb
 bounds [0x0000017cd9810000, 0x0000017cdbb40000, 0x0000017ce0d40000]
CodeHeap 'non-nmethods': size=5696Kb used=2439Kb max_used=2502Kb free=3257Kb
 bounds [0x0000017cd9280000, 0x0000017cd9500000, 0x0000017cd9810000]
 total_blobs=17021 nmethods=16048 adapters=885
 compilation: enabled
              stopped_count=0, restarted_count=0
 full_count=0

Compilation events (20 events):
Event: 108.980 Thread 0x0000017cefb8e800 16289       3       org.gradle.internal.serialize.StackTraceElementPlaceholder::<init> (88 bytes)
Event: 108.982 Thread 0x0000017cefb8e800 nmethod 16289 0x0000017cdbb36610 code [0x0000017cdbb36900, 0x0000017cdbb37818]
Event: 108.983 Thread 0x0000017cefb8e800 16290       3       java.util.Collections$EmptyList::listIterator (4 bytes)
Event: 108.983 Thread 0x0000017cefb8e800 nmethod 16290 0x0000017cdbb37c90 code [0x0000017cdbb37e40, 0x0000017cdbb37f98]
Event: 108.983 Thread 0x0000017cefb8e800 16291       3       java.util.Collections::emptyListIterator (4 bytes)
Event: 108.983 Thread 0x0000017cefb8e800 nmethod 16291 0x0000017cdbb38090 code [0x0000017cdbb38240, 0x0000017cdbb38338]
Event: 108.991 Thread 0x0000017cefb8e800 16294       3       java.util.Arrays$ArrayList::indexOf (62 bytes)
Event: 108.992 Thread 0x0000017cefb8e800 nmethod 16294 0x0000017cdbb38390 code [0x0000017cdbb38580, 0x0000017cdbb389c8]
Event: 109.002 Thread 0x0000017cefb8e800 16298   !   3       org.gradle.internal.serialize.ExceptionReplacingObjectOutputStream$1::transform (15 bytes)
Event: 109.003 Thread 0x0000017cefb8e800 nmethod 16298 0x0000017cdbb38b90 code [0x0000017cdbb38e20, 0x0000017cdbb39948]
Event: 109.003 Thread 0x0000017cefb8e800 16299       3       org.gradle.internal.serialize.ExceptionReplacingObjectOutputStream::doReplaceObject (25 bytes)
Event: 109.004 Thread 0x0000017cefb8e800 nmethod 16299 0x0000017cdbb39e10 code [0x0000017cdbb3a080, 0x0000017cdbb3a9f8]
Event: 109.121 Thread 0x0000017cefb8e800 16302       1       org.gradle.cache.internal.DefaultFileLockManager$DefaultFileLock::access$300 (5 bytes)
Event: 109.121 Thread 0x0000017cefb8e800 nmethod 16302 0x0000017ce173a590 code [0x0000017ce173a740, 0x0000017ce173a7d8]
Event: 109.143 Thread 0x0000017cefb8e800 16303       1       java.nio.channels.FileLock::isShared (5 bytes)
Event: 109.143 Thread 0x0000017cefb8e800 nmethod 16303 0x0000017ce173a890 code [0x0000017ce173aa40, 0x0000017ce173aaf8]
Event: 109.143 Thread 0x0000017cefb8e800 16304       3       java.util.concurrent.locks.ReentrantLock::newCondition (8 bytes)
Event: 109.143 Thread 0x0000017cefb8e800 nmethod 16304 0x0000017cdbb3ad10 code [0x0000017cdbb3aee0, 0x0000017cdbb3b1b8]
Event: 109.143 Thread 0x0000017cefb8e800 16305       3       java.util.concurrent.locks.ReentrantLock$Sync::newCondition (9 bytes)
Event: 109.143 Thread 0x0000017cefb8e800 nmethod 16305 0x0000017cdbb3b310 code [0x0000017cdbb3b4e0, 0x0000017cdbb3b758]

GC Heap History (20 events):
Event: 71.866 GC heap before
{Heap before GC invocations=72 (full 0):
 garbage-first heap   total 248832K, used 123824K [0x0000000080000000, 0x0000000100000000)
  region size 1024K, 12 young (12288K), 2 survivors (2048K)
 Metaspace       used 95272K, capacity 97813K, committed 97968K, reserved 1134592K
  class space    used 12029K, capacity 13029K, committed 13056K, reserved 1048576K
}
Event: 71.927 GC heap after
{Heap after GC invocations=73 (full 0):
 garbage-first heap   total 299008K, used 99336K [0x0000000080000000, 0x0000000100000000)
  region size 1024K, 1 young (1024K), 1 survivors (1024K)
 Metaspace       used 95272K, capacity 97813K, committed 97968K, reserved 1134592K
  class space    used 12029K, capacity 13029K, committed 13056K, reserved 1048576K
}
Event: 76.270 GC heap before
{Heap before GC invocations=73 (full 0):
 garbage-first heap   total 299008K, used 168968K [0x0000000080000000, 0x0000000100000000)
  region size 1024K, 69 young (70656K), 1 survivors (1024K)
 Metaspace       used 99868K, capacity 102474K, committed 102704K, reserved 1138688K
  class space    used 12591K, capacity 13587K, committed 13696K, reserved 1048576K
}
Event: 76.327 GC heap after
{Heap after GC invocations=74 (full 0):
 garbage-first heap   total 299008K, used 102307K [0x0000000080000000, 0x0000000100000000)
  region size 1024K, 4 young (4096K), 4 survivors (4096K)
 Metaspace       used 99868K, capacity 102474K, committed 102704K, reserved 1138688K
  class space    used 12591K, capacity 13587K, committed 13696K, reserved 1048576K
}
Event: 82.826 GC heap before
{Heap before GC invocations=74 (full 0):
 garbage-first heap   total 299008K, used 177059K [0x0000000080000000, 0x0000000100000000)
  region size 1024K, 78 young (79872K), 4 survivors (4096K)
 Metaspace       used 101097K, capacity 103719K, committed 103856K, reserved 1138688K
  class space    used 12721K, capacity 13723K, committed 13824K, reserved 1048576K
}
Event: 82.887 GC heap after
{Heap after GC invocations=75 (full 0):
 garbage-first heap   total 299008K, used 108420K [0x0000000080000000, 0x0000000100000000)
  region size 1024K, 10 young (10240K), 10 survivors (10240K)
 Metaspace       used 101097K, capacity 103719K, committed 103856K, reserved 1138688K
  class space    used 12721K, capacity 13723K, committed 13824K, reserved 1048576K
}
Event: 88.351 GC heap before
{Heap before GC invocations=75 (full 0):
 garbage-first heap   total 299008K, used 206724K [0x0000000080000000, 0x0000000100000000)
  region size 1024K, 94 young (96256K), 10 survivors (10240K)
 Metaspace       used 102618K, capacity 105409K, committed 105648K, reserved 1140736K
  class space    used 12889K, capacity 13953K, committed 14080K, reserved 1048576K
}
Event: 88.687 GC heap after
{Heap after GC invocations=76 (full 0):
 garbage-first heap   total 299008K, used 129795K [0x0000000080000000, 0x0000000100000000)
  region size 1024K, 12 young (12288K), 12 survivors (12288K)
 Metaspace       used 102618K, capacity 105409K, committed 105648K, reserved 1140736K
  class space    used 12889K, capacity 13953K, committed 14080K, reserved 1048576K
}
Event: 91.422 GC heap before
{Heap before GC invocations=76 (full 0):
 garbage-first heap   total 299008K, used 177923K [0x0000000080000000, 0x0000000100000000)
  region size 1024K, 44 young (45056K), 12 survivors (12288K)
 Metaspace       used 105796K, capacity 108722K, committed 108848K, reserved 1144832K
  class space    used 13347K, capacity 14453K, committed 14464K, reserved 1048576K
}
Event: 91.584 GC heap after
{Heap after GC invocations=77 (full 0):
 garbage-first heap   total 378880K, used 139140K [0x0000000080000000, 0x0000000100000000)
  region size 1024K, 6 young (6144K), 6 survivors (6144K)
 Metaspace       used 105796K, capacity 108722K, committed 108848K, reserved 1144832K
  class space    used 13347K, capacity 14453K, committed 14464K, reserved 1048576K
}
Event: 94.679 GC heap before
{Heap before GC invocations=77 (full 0):
 garbage-first heap   total 378880K, used 183172K [0x0000000080000000, 0x0000000100000000)
  region size 1024K, 41 young (41984K), 6 survivors (6144K)
 Metaspace       used 106122K, capacity 109015K, committed 109232K, reserved 1144832K
  class space    used 13389K, capacity 14486K, committed 14592K, reserved 1048576K
}
Event: 94.761 GC heap after
{Heap after GC invocations=78 (full 0):
 garbage-first heap   total 378880K, used 151457K [0x0000000080000000, 0x0000000100000000)
  region size 1024K, 6 young (6144K), 6 survivors (6144K)
 Metaspace       used 106122K, capacity 109015K, committed 109232K, reserved 1144832K
  class space    used 13389K, capacity 14486K, committed 14592K, reserved 1048576K
}
Event: 95.937 GC heap before
{Heap before GC invocations=79 (full 0):
 garbage-first heap   total 378880K, used 168865K [0x0000000080000000, 0x0000000100000000)
  region size 1024K, 23 young (23552K), 6 survivors (6144K)
 Metaspace       used 107834K, capacity 110793K, committed 110896K, reserved 1144832K
  class space    used 13815K, capacity 14937K, committed 14976K, reserved 1048576K
}
Event: 95.988 GC heap after
{Heap after GC invocations=80 (full 0):
 garbage-first heap   total 378880K, used 158720K [0x0000000080000000, 0x0000000100000000)
  region size 1024K, 3 young (3072K), 3 survivors (3072K)
 Metaspace       used 107834K, capacity 110793K, committed 110896K, reserved 1144832K
  class space    used 13815K, capacity 14937K, committed 14976K, reserved 1048576K
}
Event: 96.237 GC heap before
{Heap before GC invocations=80 (full 0):
 garbage-first heap   total 378880K, used 174080K [0x0000000080000000, 0x0000000100000000)
  region size 1024K, 18 young (18432K), 3 survivors (3072K)
 Metaspace       used 108431K, capacity 111397K, committed 111536K, reserved 1146880K
  class space    used 13858K, capacity 14985K, committed 15104K, reserved 1048576K
}
Event: 96.297 GC heap after
{Heap after GC invocations=81 (full 0):
 garbage-first heap   total 378880K, used 163224K [0x0000000080000000, 0x0000000100000000)
  region size 1024K, 3 young (3072K), 3 survivors (3072K)
 Metaspace       used 108431K, capacity 111397K, committed 111536K, reserved 1146880K
  class space    used 13858K, capacity 14985K, committed 15104K, reserved 1048576K
}
Event: 96.570 GC heap before
{Heap before GC invocations=81 (full 0):
 garbage-first heap   total 378880K, used 194968K [0x0000000080000000, 0x0000000100000000)
  region size 1024K, 35 young (35840K), 3 survivors (3072K)
 Metaspace       used 108501K, capacity 111472K, committed 111792K, reserved 1146880K
  class space    used 13859K, capacity 14986K, committed 15104K, reserved 1048576K
}
Event: 96.655 GC heap after
{Heap after GC invocations=82 (full 0):
 garbage-first heap   total 378880K, used 179923K [0x0000000080000000, 0x0000000100000000)
  region size 1024K, 5 young (5120K), 5 survivors (5120K)
 Metaspace       used 108501K, capacity 111472K, committed 111792K, reserved 1146880K
  class space    used 13859K, capacity 14986K, committed 15104K, reserved 1048576K
}
Event: 97.204 GC heap before
{Heap before GC invocations=82 (full 0):
 garbage-first heap   total 378880K, used 213715K [0x0000000080000000, 0x0000000100000000)
  region size 1024K, 39 young (39936K), 5 survivors (5120K)
 Metaspace       used 108548K, capacity 111543K, committed 111792K, reserved 1146880K
  class space    used 13860K, capacity 14987K, committed 15104K, reserved 1048576K
}
Event: 97.328 GC heap after
{Heap after GC invocations=83 (full 0):
 garbage-first heap   total 378880K, used 198656K [0x0000000080000000, 0x0000000100000000)
  region size 1024K, 5 young (5120K), 5 survivors (5120K)
 Metaspace       used 108548K, capacity 111543K, committed 111792K, reserved 1146880K
  class space    used 13860K, capacity 14987K, committed 15104K, reserved 1048576K
}

Deoptimization events (20 events):
Event: 108.302 Thread 0x0000017cf10c3800 DEOPT PACKING pc=0x0000017ce1334184 sp=0x00000031824fbd60
Event: 108.302 Thread 0x0000017cf10c3800 DEOPT UNPACKING pc=0x0000017cd92ca1af sp=0x00000031824fbcf8 mode 2
Event: 108.776 Thread 0x0000017cf10c3800 Uncommon trap: trap_request=0xffffffde fr.pc=0x0000017ce144f67c relative=0x000000000000025c
Event: 108.776 Thread 0x0000017cf10c3800 Uncommon trap: reason=class_check action=maybe_recompile pc=0x0000017ce144f67c method=java.lang.String.equals(Ljava/lang/Object;)Z @ 8 c2
Event: 108.776 Thread 0x0000017cf10c3800 DEOPT PACKING pc=0x0000017ce144f67c sp=0x00000031824fc920
Event: 108.777 Thread 0x0000017cf10c3800 DEOPT UNPACKING pc=0x0000017cd92ca1af sp=0x00000031824fc8b8 mode 2
Event: 108.777 Thread 0x0000017cf10c3800 Uncommon trap: trap_request=0xffffffde fr.pc=0x0000017ce144f67c relative=0x000000000000025c
Event: 108.777 Thread 0x0000017cf10c3800 Uncommon trap: reason=class_check action=maybe_recompile pc=0x0000017ce144f67c method=java.lang.String.equals(Ljava/lang/Object;)Z @ 8 c2
Event: 108.777 Thread 0x0000017cf10c3800 DEOPT PACKING pc=0x0000017ce144f67c sp=0x00000031824fc920
Event: 108.777 Thread 0x0000017cf10c3800 DEOPT UNPACKING pc=0x0000017cd92ca1af sp=0x00000031824fc8b8 mode 2
Event: 108.777 Thread 0x0000017cf10c3800 Uncommon trap: trap_request=0xffffffde fr.pc=0x0000017ce144f67c relative=0x000000000000025c
Event: 108.777 Thread 0x0000017cf10c3800 Uncommon trap: reason=class_check action=maybe_recompile pc=0x0000017ce144f67c method=java.lang.String.equals(Ljava/lang/Object;)Z @ 8 c2
Event: 108.777 Thread 0x0000017cf10c3800 DEOPT PACKING pc=0x0000017ce144f67c sp=0x00000031824fc920
Event: 108.777 Thread 0x0000017cf10c3800 DEOPT UNPACKING pc=0x0000017cd92ca1af sp=0x00000031824fc8b8 mode 2
Event: 108.778 Thread 0x0000017cf10c3800 Uncommon trap: trap_request=0xffffffde fr.pc=0x0000017ce144f67c relative=0x000000000000025c
Event: 108.778 Thread 0x0000017cf10c3800 Uncommon trap: reason=class_check action=maybe_recompile pc=0x0000017ce144f67c method=java.lang.String.equals(Ljava/lang/Object;)Z @ 8 c2
Event: 108.778 Thread 0x0000017cf10c3800 DEOPT PACKING pc=0x0000017ce144f67c sp=0x00000031824fc300
Event: 108.778 Thread 0x0000017cf10c3800 DEOPT UNPACKING pc=0x0000017cd92ca1af sp=0x00000031824fc298 mode 2
Event: 109.012 Thread 0x0000017cf10c3800 DEOPT PACKING pc=0x0000017cd9e26e48 sp=0x00000031824fde60
Event: 109.016 Thread 0x0000017cf10c3800 DEOPT UNPACKING pc=0x0000017cd92ca95e sp=0x00000031824fd2f0 mode 0

Classes redefined (0 events):
No events

Internal exceptions (20 events):
Event: 90.083 Thread 0x0000017cf09f4000 Exception <a 'java/lang/NoSuchMethodError'{0x00000000917d6b00}: 'java.lang.Object java.lang.invoke.DelegatingMethodHandle$Holder.reinvoke_L(java.lang.Object, int, int, java.lang.Object, java.lang.Object, java.lang.Object, java.lang.Object)'> (0x00000000917d6b00) thrown at [src/hotspot/share/interpreter/linkResolver.cpp, line 773]
Event: 90.128 Thread 0x0000017cf09f8800 Exception <a 'java/lang/NoSuchMethodError'{0x000000009164ea00}: 'java.lang.Object java.lang.invoke.DirectMethodHandle$Holder.newInvokeSpecial(java.lang.Object, int)'> (0x000000009164ea00) thrown at [src/hotspot/share/interpreter/linkResolver.cpp, line 773]
Event: 90.132 Thread 0x0000017cf09f4000 Exception <a 'java/lang/NoSuchMethodError'{0x00000000916630c8}: 'java.lang.Object java.lang.invoke.DirectMethodHandle$Holder.invokeStatic(java.lang.Object, java.lang.Object, java.lang.Object, java.lang.Object, java.lang.Object, java.lang.Object, int, int, java.lang.Object, java.lang.Object, java.lang.Object, java.lang.Object)'> (0x00000000916630c8) thrown at [src/hotspot/share/interpreter/linkResolver.cpp, line 773]
Event: 90.230 Thread 0x0000017cf1d17000 Exception <a 'java/lang/NoSuchMethodError'{0x00000000914a07f0}: <clinit>> (0x00000000914a07f0) thrown at [src/hotspot/share/prims/jni.cpp, line 1367]
Event: 90.237 Thread 0x0000017cf1d17000 Exception <a 'java/lang/NoSuchMethodError'{0x00000000914b3458}: <clinit>> (0x00000000914b3458) thrown at [src/hotspot/share/prims/jni.cpp, line 1367]
Event: 91.145 Thread 0x0000017cf09f8800 Exception <a 'java/lang/NoSuchMethodError'{0x0000000090c2ffe8}: 'java.lang.Object java.lang.invoke.DirectMethodHandle$Holder.invokeStaticInit(java.lang.Object, java.lang.Object, java.lang.Object, java.lang.Object, java.lang.Object, java.lang.Object, java.lang.Object, java.lang.Object, java.lang.Object, java.lang.Object, java.lang.Object, java.lang.Object, java.lang.Object, java.lang.Object, java.lang.Object, java.lang.Object, java.lang.Object, java.lang.Object, java.lang.Object, int, java.lang.Object, java
Event: 95.429 Thread 0x0000017cf09f8800 Exception <a 'java/lang/InterruptedException'{0x0000000096654078}> (0x0000000096654078) thrown at [src/hotspot/share/runtime/objectMonitor.cpp, line 1448]
Event: 95.431 Thread 0x0000017cf09f9000 Exception <a 'java/lang/IncompatibleClassChangeError'{0x000000009669e498}: Found class java.lang.Object, but interface was expected> (0x000000009669e498) thrown at [src/hotspot/share/interpreter/linkResolver.cpp, line 839]
Event: 95.432 Thread 0x0000017cf09fb000 Exception <a 'java/lang/IncompatibleClassChangeError'{0x00000000966a2488}: Found class java.lang.Object, but interface was expected> (0x00000000966a2488) thrown at [src/hotspot/share/interpreter/linkResolver.cpp, line 839]
Event: 95.734 Thread 0x0000017cf09f9000 Exception <a 'java/lang/IncompatibleClassChangeError'{0x00000000964a04a8}: Found class java.lang.Object, but interface was expected> (0x00000000964a04a8) thrown at [src/hotspot/share/interpreter/linkResolver.cpp, line 839]
Event: 95.736 Thread 0x0000017cf09f9000 Exception <a 'java/lang/IncompatibleClassChangeError'{0x00000000964b0890}: Found class java.lang.Object, but interface was expected> (0x00000000964b0890) thrown at [src/hotspot/share/interpreter/linkResolver.cpp, line 839]
Event: 98.118 Thread 0x0000017cf09f8800 Exception <a 'java/lang/NoSuchMethodError'{0x00000000965f92d0}: 'java.lang.Object java.lang.invoke.DirectMethodHandle$Holder.newInvokeSpecial(java.lang.Object, java.lang.Object, java.lang.Object)'> (0x00000000965f92d0) thrown at [src/hotspot/share/interpreter/linkResolver.cpp, line 773]
Event: 98.454 Thread 0x0000017cf09f8800 Exception <a 'java/lang/ClassNotFoundException'{0x000000009642b460}: sun/misc/SharedSecrets> (0x000000009642b460) thrown at [src/hotspot/share/classfile/systemDictionary.cpp, line 230]
Event: 101.734 Thread 0x0000017cf15a2800 Exception <a 'java/io/IOException'{0x00000000963e6738}> (0x00000000963e6738) thrown at [src/hotspot/share/prims/jni.cpp, line 617]
Event: 101.940 Thread 0x0000017cf172d800 Exception <a 'java/lang/NoSuchMethodError'{0x00000000962b7f40}: <clinit>> (0x00000000962b7f40) thrown at [src/hotspot/share/prims/jni.cpp, line 1367]
Event: 101.961 Thread 0x0000017cf172d800 Exception <a 'java/lang/NoSuchMethodError'{0x00000000962b9540}: <clinit>> (0x00000000962b9540) thrown at [src/hotspot/share/prims/jni.cpp, line 1367]
Event: 102.118 Thread 0x0000017cf172d800 Exception <a 'java/lang/NoSuchMethodError'{0x00000000962d5ee8}: <clinit>> (0x00000000962d5ee8) thrown at [src/hotspot/share/prims/jni.cpp, line 1367]
Event: 104.475 Thread 0x0000017cf10c3800 Exception <a 'sun/nio/fs/WindowsException'{0x0000000096138ab8}> (0x0000000096138ab8) thrown at [src/hotspot/share/prims/jni.cpp, line 617]
Event: 104.502 Thread 0x0000017cf10c3800 Exception <a 'sun/nio/fs/WindowsException'{0x0000000096138b40}> (0x0000000096138b40) thrown at [src/hotspot/share/prims/jni.cpp, line 617]
Event: 104.528 Thread 0x0000017cf10c3800 Exception <a 'sun/nio/fs/WindowsException'{0x000000009613a4a8}> (0x000000009613a4a8) thrown at [src/hotspot/share/prims/jni.cpp, line 617]

Events (20 events):
Event: 108.963 loading class java/io/NotSerializableException done
Event: 109.016 loading class org/gradle/tooling/internal/provider/serialization/SerializedPayload
Event: 109.016 loading class org/gradle/tooling/internal/provider/serialization/SerializedPayload done
Event: 109.022 loading class org/gradle/launcher/exec/BuildActionResult
Event: 109.022 loading class org/gradle/launcher/exec/BuildActionResult done
Event: 109.028 loading class org/gradle/internal/session/BuildSessionState
Event: 109.028 loading class org/gradle/internal/session/BuildSessionState done
Event: 109.058 Executing VM operation: BulkRevokeBias
Event: 109.096 Executing VM operation: BulkRevokeBias done
Event: 109.097 Thread 0x0000017cf16e8000 Thread exited: 0x0000017cf16e8000
Event: 109.116 Thread 0x0000017cf16e5800 Thread exited: 0x0000017cf16e5800
Event: 109.118 Executing VM operation: RevokeBias
Event: 109.118 Executing VM operation: RevokeBias done
Event: 109.143 Thread 0x0000017cf1625800 Thread exited: 0x0000017cf1625800
Event: 109.152 loading class org/gradle/cache/internal/VersionSpecificCacheCleanupAction
Event: 109.152 loading class org/gradle/cache/internal/VersionSpecificCacheCleanupAction done
Event: 109.178 loading class org/gradle/cache/internal/DefaultCleanupProgressMonitor
Event: 109.178 loading class org/gradle/cache/internal/DefaultCleanupProgressMonitor done
Event: 109.201 Thread 0x0000017cf09f4000 Thread exited: 0x0000017cf09f4000
Event: 109.202 Thread 0x0000017cf09f8800 Thread exited: 0x0000017cf09f8800


Dynamic libraries:
0x00007ff726410000 - 0x00007ff72641a000 	C:\Program Files\Android\Android Studio\jbr\bin\java.exe
0x00007fff02610000 - 0x00007fff02808000 	C:\WINDOWS\SYSTEM32\ntdll.dll
0x00007fff011f0000 - 0x00007fff012af000 	C:\WINDOWS\System32\KERNEL32.DLL
0x00007ffeffe90000 - 0x00007fff00186000 	C:\WINDOWS\System32\KERNELBASE.dll
0x00007fff004d0000 - 0x00007fff005d0000 	C:\WINDOWS\System32\ucrtbase.dll
0x00007ffee8df0000 - 0x00007ffee8e07000 	C:\Program Files\Android\Android Studio\jbr\bin\jli.dll
0x00007ffee4910000 - 0x00007ffee492b000 	C:\Program Files\Android\Android Studio\jbr\bin\VCRUNTIME140.dll
0x00007fff00670000 - 0x00007fff0080d000 	C:\WINDOWS\System32\USER32.dll
0x00007ffeffcf0000 - 0x00007ffeffd12000 	C:\WINDOWS\System32\win32u.dll
0x00007fff01780000 - 0x00007fff017ac000 	C:\WINDOWS\System32\GDI32.dll
0x00007ffeffd70000 - 0x00007ffeffe85000 	C:\WINDOWS\System32\gdi32full.dll
0x00007fff005d0000 - 0x00007fff0066d000 	C:\WINDOWS\System32\msvcp_win.dll
0x00007ffee9f50000 - 0x00007ffeea1ea000 	C:\WINDOWS\WinSxS\amd64_microsoft.windows.common-controls_6595b64144ccf1df_6.0.19041.1110_none_60b5254171f9507e\COMCTL32.dll
0x00007fff01150000 - 0x00007fff011ee000 	C:\WINDOWS\System32\msvcrt.dll
0x00007fff01120000 - 0x00007fff01150000 	C:\WINDOWS\System32\IMM32.DLL
0x00007ffeccfa0000 - 0x00007ffecd02d000 	C:\Program Files\Android\Android Studio\jbr\bin\msvcp140.dll
0x00007ffeedca0000 - 0x00007ffeedcac000 	C:\WINDOWS\SYSTEM32\VCRUNTIME140_1.dll
0x00007ffea8f50000 - 0x00007ffea9b0c000 	C:\Program Files\Android\Android Studio\jbr\bin\server\jvm.dll
0x00007fff02370000 - 0x00007fff0241f000 	C:\WINDOWS\System32\ADVAPI32.dll
0x00007fff00f00000 - 0x00007fff00f9c000 	C:\WINDOWS\System32\sechost.dll
0x00007fff017b0000 - 0x00007fff018d6000 	C:\WINDOWS\System32\RPCRT4.dll
0x00007fff00d10000 - 0x00007fff00d18000 	C:\WINDOWS\System32\PSAPI.DLL
0x00007ffef3000000 - 0x00007ffef3009000 	C:\WINDOWS\SYSTEM32\WSOCK32.dll
0x00007fff00940000 - 0x00007fff009ab000 	C:\WINDOWS\System32\WS2_32.dll
0x00007ffef7280000 - 0x00007ffef728a000 	C:\WINDOWS\SYSTEM32\VERSION.dll
0x00007ffef6df0000 - 0x00007ffef6e17000 	C:\WINDOWS\SYSTEM32\WINMM.dll
0x00007ffefdbb0000 - 0x00007ffefdbc2000 	C:\WINDOWS\SYSTEM32\kernel.appcore.dll
0x00007ffeedc10000 - 0x00007ffeedc20000 	C:\Program Files\Android\Android Studio\jbr\bin\verify.dll
0x00007ffefb9f0000 - 0x00007ffefbbd4000 	C:\WINDOWS\SYSTEM32\DBGHELP.DLL
0x00007ffee5620000 - 0x00007ffee5654000 	C:\WINDOWS\SYSTEM32\dbgcore.DLL
0x00007fff00440000 - 0x00007fff004c2000 	C:\WINDOWS\System32\bcryptPrimitives.dll
0x00007ffeed850000 - 0x00007ffeed878000 	C:\Program Files\Android\Android Studio\jbr\bin\java.dll
0x00007ffeed8e0000 - 0x00007ffeed8ea000 	C:\Program Files\Android\Android Studio\jbr\bin\jimage.dll
0x00007ffeed830000 - 0x00007ffeed848000 	C:\Program Files\Android\Android Studio\jbr\bin\zip.dll
0x00007fff01c20000 - 0x00007fff02364000 	C:\WINDOWS\System32\SHELL32.dll
0x00007ffefddb0000 - 0x00007ffefe543000 	C:\WINDOWS\SYSTEM32\windows.storage.dll
0x00007fff009b0000 - 0x00007fff00d04000 	C:\WINDOWS\System32\combase.dll
0x00007ffeff670000 - 0x00007ffeff69e000 	C:\WINDOWS\SYSTEM32\Wldp.dll
0x00007fff00dd0000 - 0x00007fff00e7d000 	C:\WINDOWS\System32\SHCORE.dll
0x00007fff01ae0000 - 0x00007fff01b35000 	C:\WINDOWS\System32\shlwapi.dll
0x00007ffeffc30000 - 0x00007ffeffc4f000 	C:\WINDOWS\SYSTEM32\profapi.dll
0x00007ffee9f20000 - 0x00007ffee9f39000 	C:\Program Files\Android\Android Studio\jbr\bin\net.dll
0x00007ffef1320000 - 0x00007ffef142a000 	C:\WINDOWS\SYSTEM32\WINHTTP.dll
0x00007ffeff3d0000 - 0x00007ffeff43a000 	C:\WINDOWS\system32\mswsock.dll
0x00007ffee9b00000 - 0x00007ffee9b13000 	C:\Program Files\Android\Android Studio\jbr\bin\nio.dll
0x00007ffed6d50000 - 0x00007ffed6d77000 	C:\Users\nidis\.gradle\native\e1d6ef7f7dcc3fd88c89a11ec53ec762bb8ba0a96d01ffa2cd45eb1d1d8dd5c5\windows-amd64\native-platform.dll
0x00007ffecae90000 - 0x00007ffecafd4000 	C:\Users\nidis\.gradle\native\0d407fdbe67a94daf76414ababcb853783967236a71b16ec16e742cd7a986fd3\windows-amd64\native-platform-file-events.dll
0x00007ffeed690000 - 0x00007ffeed69a000 	C:\Program Files\Android\Android Studio\jbr\bin\management.dll
0x00007ffee9a40000 - 0x00007ffee9a4b000 	C:\Program Files\Android\Android Studio\jbr\bin\management_ext.dll
0x00007ffeff5c0000 - 0x00007ffeff5d8000 	C:\WINDOWS\SYSTEM32\CRYPTSP.dll
0x00007ffefecf0000 - 0x00007ffefed24000 	C:\WINDOWS\system32\rsaenh.dll
0x00007fff00410000 - 0x00007fff00437000 	C:\WINDOWS\System32\bcrypt.dll
0x00007ffeffbb0000 - 0x00007ffeffbde000 	C:\WINDOWS\SYSTEM32\USERENV.dll
0x00007ffeff5e0000 - 0x00007ffeff5ec000 	C:\WINDOWS\SYSTEM32\CRYPTBASE.dll
0x00007ffeff0c0000 - 0x00007ffeff0fc000 	C:\WINDOWS\SYSTEM32\IPHLPAPI.DLL
0x00007fff00e80000 - 0x00007fff00e88000 	C:\WINDOWS\System32\NSI.dll
0x00007ffef2fb0000 - 0x00007ffef2fc7000 	C:\WINDOWS\SYSTEM32\dhcpcsvc6.DLL
0x00007ffef6c40000 - 0x00007ffef6c5d000 	C:\WINDOWS\SYSTEM32\dhcpcsvc.DLL
0x00007ffeff100000 - 0x00007ffeff1cb000 	C:\WINDOWS\SYSTEM32\DNSAPI.dll
0x00007ffefee10000 - 0x00007ffefee43000 	C:\WINDOWS\SYSTEM32\ntmarta.dll

dbghelp: loaded successfully - version: 4.0.5 - missing functions: none
symbol engine: initialized successfully - sym options: 0x614 - pdb path: .;C:\Program Files\Android\Android Studio\jbr\bin;C:\WINDOWS\SYSTEM32;C:\WINDOWS\WinSxS\amd64_microsoft.windows.common-controls_6595b64144ccf1df_6.0.19041.1110_none_60b5254171f9507e;C:\Program Files\Android\Android Studio\jbr\bin\server;C:\Users\nidis\.gradle\native\e1d6ef7f7dcc3fd88c89a11ec53ec762bb8ba0a96d01ffa2cd45eb1d1d8dd5c5\windows-amd64;C:\Users\nidis\.gradle\native\0d407fdbe67a94daf76414ababcb853783967236a71b16ec16e742cd7a986fd3\windows-amd64

VM Arguments:
jvm_args: --add-opens=java.base/java.util=ALL-UNNAMED --add-opens=java.base/java.lang=ALL-UNNAMED --add-opens=java.base/java.lang.invoke=ALL-UNNAMED --add-opens=java.base/java.util=ALL-UNNAMED --add-opens=java.prefs/java.util.prefs=ALL-UNNAMED --add-opens=java.prefs/java.util.prefs=ALL-UNNAMED --add-opens=java.base/java.nio.charset=ALL-UNNAMED --add-opens=java.base/java.net=ALL-UNNAMED --add-opens=java.base/java.util.concurrent.atomic=ALL-UNNAMED -Xmx2048m -Dfile.encoding=UTF-8 -Duser.country=GR -Duser.language=el -Duser.variant 
java_command: org.gradle.launcher.daemon.bootstrap.GradleDaemon 7.5
java_class_path (initial): C:\Users\nidis\.gradle\wrapper\dists\gradle-7.5-bin\f1w0cc9nuo0eivz97x2xlu9sv\gradle-7.5\lib\gradle-launcher-7.5.jar
Launcher Type: SUN_STANDARD

[Global flags]
     intx CICompilerCount                          = 3                                         {product} {ergonomic}
     uint ConcGCThreads                            = 1                                         {product} {ergonomic}
     uint G1ConcRefinementThreads                  = 4                                         {product} {ergonomic}
   size_t G1HeapRegionSize                         = 1048576                                   {product} {ergonomic}
    uintx GCDrainStackTargetSize                   = 64                                        {product} {ergonomic}
   size_t InitialHeapSize                          = 58720256                                  {product} {ergonomic}
   size_t MarkStackSize                            = 4194304                                   {product} {ergonomic}
   size_t MaxHeapSize                              = 2147483648                                {product} {command line}
   size_t MaxNewSize                               = 1287651328                                {product} {ergonomic}
   size_t MinHeapDeltaBytes                        = 1048576                                   {product} {ergonomic}
    uintx NonNMethodCodeHeapSize                   = 5830732                                {pd product} {ergonomic}
    uintx NonProfiledCodeHeapSize                  = 122913754                              {pd product} {ergonomic}
    uintx ProfiledCodeHeapSize                     = 122913754                              {pd product} {ergonomic}
    uintx ReservedCodeCacheSize                    = 251658240                              {pd product} {ergonomic}
     bool SegmentedCodeCache                       = true                                      {product} {ergonomic}
     bool UseCompressedClassPointers               = true                                 {lp64_product} {ergonomic}
     bool UseCompressedOops                        = true                                 {lp64_product} {ergonomic}
     bool UseG1GC                                  = true                                      {product} {ergonomic}
     bool UseLargePagesIndividualAllocation        = false                                  {pd product} {ergonomic}

Logging:
Log output configuration:
 #0: stdout all=warning uptime,level,tags
 #1: stderr all=off uptime,level,tags

Environment Variables:
PATH=C:\Program Files\Eclipse Adoptium\jdk-11.0.17.8-hotspot\bin;C:\WINDOWS\system32;C:\WINDOWS;C:\WINDOWS\System32\Wbem;C:\WINDOWS\System32\WindowsPowerShell\v1.0\;C:\WINDOWS\System32\OpenSSH\;C:\Program Files\nodejs\;C:\Program Files (x86)\Google\Cloud SDK\google-cloud-sdk\bin;C:\Program Files\Git\cmd;C:\Users\nidis\AppData\Local\Programs\Python\Python311\Scripts\;C:\Users\nidis\AppData\Local\Programs\Python\Python311\;C:\Users\nidis\AppData\Local\Microsoft\WindowsApps;C:\Users\nidis\AppData\Roaming\npm;C:\Users\nidis\AppData\Local\GitHubDesktop\bin
USERNAME=nidis
OS=Windows_NT
PROCESSOR_IDENTIFIER=AMD64 Family 23 Model 17 Stepping 0, AuthenticAMD



---------------  S Y S T E M  ---------------

OS: Windows 10 , 64 bit Build 19041 (10.0.19041.2913)
OS uptime: 7 days 14:45 hours

CPU:total 4 (initial active 4) (4 cores per cpu, 2 threads per core) family 23 model 17 stepping 0 microcode 0x0, cmov, cx8, fxsr, mmx, sse, sse2, sse3, ssse3, sse4.1, sse4.2, popcnt, avx, avx2, aes, clmul, mmxext, 3dnowpref, lzcnt, sse4a, ht, tsc, tscinvbit, tscinv, bmi1, bmi2, adx, sha, fma

Memory: 4k page, system-wide physical 3491M (34M free)
TotalPageFile size 14243M (AvailPageFile size 1M)
current process WorkingSet (physical memory assigned to process): 172M, peak: 311M
current process commit charge ("private bytes"): 699M, peak: 711M

vm_info: OpenJDK 64-Bit Server VM (11.0.15+0-b2043.56-8887301) for windows-amd64 JRE (11.0.15+0-b2043.56-8887301), built on Jul 29 2022 23:19:47 by "builduser" with unknown MS VC++:1929

END.
